-- Install configuration: ""
-- Up-to-date: /home/yunhao/ros2_ws_abbgofar/install/abb_crb15000_12_127_moveit_config/share/abb_crb15000_12_127_moveit_config/config
-- Up-to-date: /home/yunhao/ros2_ws_abbgofar/install/abb_crb15000_12_127_moveit_config/share/abb_crb15000_12_127_moveit_config/config/crb15000_12_127.srdf
-- Up-to-date: /home/yunhao/ros2_ws_abbgofar/install/abb_crb15000_12_127_moveit_config/share/abb_crb15000_12_127_moveit_config/config/kinematics.yaml
-- Up-to-date: /home/yunhao/ros2_ws_abbgofar/install/abb_crb15000_12_127_moveit_config/share/abb_crb15000_12_127_moveit_config/config/initial_positions.yaml
-- Installing: /home/yunhao/ros2_ws_abbgofar/install/abb_crb15000_12_127_moveit_config/share/abb_crb15000_12_127_moveit_config/config/ompl_planning.yaml
-- Up-to-date: /home/yunhao/ros2_ws_abbgofar/install/abb_crb15000_12_127_moveit_config/share/abb_crb15000_12_127_moveit_config/config/joint_limits.yaml
-- Up-to-date: /home/yunhao/ros2_ws_abbgofar/install/abb_crb15000_12_127_moveit_config/share/abb_crb15000_12_127_moveit_config/config/ros2_controllers.yaml
-- Up-to-date: /home/yunhao/ros2_ws_abbgofar/install/abb_crb15000_12_127_moveit_config/share/abb_crb15000_12_127_moveit_config/config/moveit_controllers.yaml
-- Up-to-date: /home/yunhao/ros2_ws_abbgofar/install/abb_crb15000_12_127_moveit_config/share/abb_crb15000_12_127_moveit_config/config/crb15000_12_127.urdf.xacro
-- Up-to-date: /home/yunhao/ros2_ws_abbgofar/install/abb_crb15000_12_127_moveit_config/share/abb_crb15000_12_127_moveit_config/launch
-- Up-to-date: /home/yunhao/ros2_ws_abbgofar/install/abb_crb15000_12_127_moveit_config/share/abb_crb15000_12_127_moveit_config/launch/demo.launch.py
-- Up-to-date: /home/yunhao/ros2_ws_abbgofar/install/abb_crb15000_12_127_moveit_config/share/abb_crb15000_12_127_moveit_config/launch/__pycache__
-- Up-to-date: /home/yunhao/ros2_ws_abbgofar/install/abb_crb15000_12_127_moveit_config/share/abb_crb15000_12_127_moveit_config/launch/__pycache__/demo.launch.cpython-312.pyc
-- Up-to-date: /home/yunhao/ros2_ws_abbgofar/install/abb_crb15000_12_127_moveit_config/share/ament_index/resource_index/package_run_dependencies/abb_crb15000_12_127_moveit_config
-- Up-to-date: /home/yunhao/ros2_ws_abbgofar/install/abb_crb15000_12_127_moveit_config/share/ament_index/resource_index/parent_prefix_path/abb_crb15000_12_127_moveit_config
-- Up-to-date: /home/yunhao/ros2_ws_abbgofar/install/abb_crb15000_12_127_moveit_config/share/abb_crb15000_12_127_moveit_config/environment/ament_prefix_path.sh
-- Up-to-date: /home/yunhao/ros2_ws_abbgofar/install/abb_crb15000_12_127_moveit_config/share/abb_crb15000_12_127_moveit_config/environment/ament_prefix_path.dsv
-- Up-to-date: /home/yunhao/ros2_ws_abbgofar/install/abb_crb15000_12_127_moveit_config/share/abb_crb15000_12_127_moveit_config/environment/path.sh
-- Up-to-date: /home/yunhao/ros2_ws_abbgofar/install/abb_crb15000_12_127_moveit_config/share/abb_crb15000_12_127_moveit_config/environment/path.dsv
-- Up-to-date: /home/yunhao/ros2_ws_abbgofar/install/abb_crb15000_12_127_moveit_config/share/abb_crb15000_12_127_moveit_config/local_setup.bash
-- Up-to-date: /home/yunhao/ros2_ws_abbgofar/install/abb_crb15000_12_127_moveit_config/share/abb_crb15000_12_127_moveit_config/local_setup.sh
-- Up-to-date: /home/yunhao/ros2_ws_abbgofar/install/abb_crb15000_12_127_moveit_config/share/abb_crb15000_12_127_moveit_config/local_setup.zsh
-- Up-to-date: /home/yunhao/ros2_ws_abbgofar/install/abb_crb15000_12_127_moveit_config/share/abb_crb15000_12_127_moveit_config/local_setup.dsv
-- Installing: /home/yunhao/ros2_ws_abbgofar/install/abb_crb15000_12_127_moveit_config/share/abb_crb15000_12_127_moveit_config/package.dsv
-- Up-to-date: /home/yunhao/ros2_ws_abbgofar/install/abb_crb15000_12_127_moveit_config/share/ament_index/resource_index/packages/abb_crb15000_12_127_moveit_config
-- Up-to-date: /home/yunhao/ros2_ws_abbgofar/install/abb_crb15000_12_127_moveit_config/share/abb_crb15000_12_127_moveit_config/cmake/abb_crb15000_12_127_moveit_configConfig.cmake
-- Up-to-date: /home/yunhao/ros2_ws_abbgofar/install/abb_crb15000_12_127_moveit_config/share/abb_crb15000_12_127_moveit_config/cmake/abb_crb15000_12_127_moveit_configConfig-version.cmake
-- Up-to-date: /home/yunhao/ros2_ws_abbgofar/install/abb_crb15000_12_127_moveit_config/share/abb_crb15000_12_127_moveit_config/package.xml
