[0.012s] Invoking command in '/home/yunhao/ros2_ws_abbgofar/build/abb_resources': CMAKE_PREFIX_PATH=${CMAKE_PREFIX_PATH}:/opt/ros/jazzy DEBUGINFOD_URLS=https://debuginfod.ubuntu.com /usr/bin/cmake --build /home/yunhao/ros2_ws_abbgofar/build/abb_resources -- -j32 -l32
[0.085s] Invoked command in '/home/yunhao/ros2_ws_abbgofar/build/abb_resources' returned '0': CMAKE_PREFIX_PATH=${CMAKE_PREFIX_PATH}:/opt/ros/jazzy DEBUGINFOD_URLS=https://debuginfod.ubuntu.com /usr/bin/cmake --build /home/yunhao/ros2_ws_abbgofar/build/abb_resources -- -j32 -l32
[0.097s] Invoking command in '/home/yunhao/ros2_ws_abbgofar/build/abb_resources': CMAKE_PREFIX_PATH=${CMAKE_PREFIX_PATH}:/opt/ros/jazzy DEBUGINFOD_URLS=https://debuginfod.ubuntu.com /usr/bin/cmake --install /home/yunhao/ros2_ws_abbgofar/build/abb_resources
[0.105s] -- Install configuration: ""
[0.106s] -- Up-to-date: /home/yunhao/ros2_ws_abbgofar/install/abb_resources/share/abb_resources/urdf
[0.106s] -- Up-to-date: /home/yunhao/ros2_ws_abbgofar/install/abb_resources/share/abb_resources/urdf/common_materials.xacro
[0.106s] -- Up-to-date: /home/yunhao/ros2_ws_abbgofar/install/abb_resources/share/abb_resources/urdf/common_colours.xacro
[0.106s] -- Up-to-date: /home/yunhao/ros2_ws_abbgofar/install/abb_resources/share/ament_index/resource_index/package_run_dependencies/abb_resources
[0.107s] -- Up-to-date: /home/yunhao/ros2_ws_abbgofar/install/abb_resources/share/ament_index/resource_index/parent_prefix_path/abb_resources
[0.107s] -- Up-to-date: /home/yunhao/ros2_ws_abbgofar/install/abb_resources/share/abb_resources/environment/ament_prefix_path.sh
[0.107s] -- Up-to-date: /home/yunhao/ros2_ws_abbgofar/install/abb_resources/share/abb_resources/environment/ament_prefix_path.dsv
[0.107s] -- Up-to-date: /home/yunhao/ros2_ws_abbgofar/install/abb_resources/share/abb_resources/environment/path.sh
[0.107s] -- Up-to-date: /home/yunhao/ros2_ws_abbgofar/install/abb_resources/share/abb_resources/environment/path.dsv
[0.107s] -- Up-to-date: /home/yunhao/ros2_ws_abbgofar/install/abb_resources/share/abb_resources/local_setup.bash
[0.107s] -- Up-to-date: /home/yunhao/ros2_ws_abbgofar/install/abb_resources/share/abb_resources/local_setup.sh
[0.108s] -- Up-to-date: /home/yunhao/ros2_ws_abbgofar/install/abb_resources/share/abb_resources/local_setup.zsh
[0.108s] -- Up-to-date: /home/yunhao/ros2_ws_abbgofar/install/abb_resources/share/abb_resources/local_setup.dsv
[0.108s] -- Up-to-date: /home/yunhao/ros2_ws_abbgofar/install/abb_resources/share/abb_resources/package.dsv
[0.108s] -- Up-to-date: /home/yunhao/ros2_ws_abbgofar/install/abb_resources/share/ament_index/resource_index/packages/abb_resources
[0.108s] -- Up-to-date: /home/yunhao/ros2_ws_abbgofar/install/abb_resources/share/abb_resources/cmake/abb_resourcesConfig.cmake
[0.108s] -- Up-to-date: /home/yunhao/ros2_ws_abbgofar/install/abb_resources/share/abb_resources/cmake/abb_resourcesConfig-version.cmake
[0.108s] -- Up-to-date: /home/yunhao/ros2_ws_abbgofar/install/abb_resources/share/abb_resources/package.xml
[0.114s] Invoked command in '/home/yunhao/ros2_ws_abbgofar/build/abb_resources' returned '0': CMAKE_PREFIX_PATH=${CMAKE_PREFIX_PATH}:/opt/ros/jazzy DEBUGINFOD_URLS=https://debuginfod.ubuntu.com /usr/bin/cmake --install /home/yunhao/ros2_ws_abbgofar/build/abb_resources
