[0.072s] Invoking command in '/home/yunhao/ros2_ws_abbgofar/build/abb_crb15000_moveit_config': CMAKE_PREFIX_PATH=/home/yunhao/ros2_ws_abbgofar/install/abb_crb15000_support:/home/yunhao/ros2_ws_abbgofar/install/abb_resources:/opt/ros/jazzy/opt/sdformat_vendor:/opt/ros/jazzy/opt/gz_tools_vendor:/opt/ros/jazzy/opt/gz_math_vendor:/opt/ros/jazzy/opt/gz_utils_vendor:/opt/ros/jazzy/opt/gz_cmake_vendor:/opt/ros/jazzy DEBUGINFOD_URLS=https://debuginfod.ubuntu.com /usr/bin/cmake /home/yunhao/ros2_ws_abbgofar/src/abb_crb15000_moveit_config -DCMAKE_INSTALL_PREFIX=/home/yunhao/ros2_ws_abbgofar/install/abb_crb15000_moveit_config
[0.265s] -- The C compiler identification is GNU 13.3.0
[0.684s] -- The CXX compiler identification is GNU 13.3.0
[1.011s] -- Detecting C compiler ABI info
[1.239s] -- Detecting C compiler ABI info - done
[1.245s] -- Check for working C compiler: /usr/bin/cc - skipped
[1.246s] -- Detecting C compile features
[1.247s] -- Detecting C compile features - done
[1.318s] -- Detecting CXX compiler ABI info
[1.542s] -- Detecting CXX compiler ABI info - done
[1.548s] -- Check for working CXX compiler: /usr/bin/c++ - skipped
[1.549s] -- Detecting CXX compile features
[1.549s] -- Detecting CXX compile features - done
[1.560s] -- Found ament_cmake: 2.5.5 (/opt/ros/jazzy/share/ament_cmake/cmake)
[1.673s] -- Found Python3: /usr/bin/python3 (found version "3.12.3") found components: Interpreter 
[1.823s] -- Configuring done (1.7s)
[1.828s] -- Generating done (0.0s)
[1.831s] -- Build files have been written to: /home/yunhao/ros2_ws_abbgofar/build/abb_crb15000_moveit_config
[1.836s] Invoked command in '/home/yunhao/ros2_ws_abbgofar/build/abb_crb15000_moveit_config' returned '0': CMAKE_PREFIX_PATH=/home/yunhao/ros2_ws_abbgofar/install/abb_crb15000_support:/home/yunhao/ros2_ws_abbgofar/install/abb_resources:/opt/ros/jazzy/opt/sdformat_vendor:/opt/ros/jazzy/opt/gz_tools_vendor:/opt/ros/jazzy/opt/gz_math_vendor:/opt/ros/jazzy/opt/gz_utils_vendor:/opt/ros/jazzy/opt/gz_cmake_vendor:/opt/ros/jazzy DEBUGINFOD_URLS=https://debuginfod.ubuntu.com /usr/bin/cmake /home/yunhao/ros2_ws_abbgofar/src/abb_crb15000_moveit_config -DCMAKE_INSTALL_PREFIX=/home/yunhao/ros2_ws_abbgofar/install/abb_crb15000_moveit_config
[1.837s] Invoking command in '/home/yunhao/ros2_ws_abbgofar/build/abb_crb15000_moveit_config': CMAKE_PREFIX_PATH=/home/yunhao/ros2_ws_abbgofar/install/abb_crb15000_support:/home/yunhao/ros2_ws_abbgofar/install/abb_resources:/opt/ros/jazzy/opt/sdformat_vendor:/opt/ros/jazzy/opt/gz_tools_vendor:/opt/ros/jazzy/opt/gz_math_vendor:/opt/ros/jazzy/opt/gz_utils_vendor:/opt/ros/jazzy/opt/gz_cmake_vendor:/opt/ros/jazzy DEBUGINFOD_URLS=https://debuginfod.ubuntu.com /usr/bin/cmake --build /home/yunhao/ros2_ws_abbgofar/build/abb_crb15000_moveit_config -- -j32 -l32
[1.873s] Invoked command in '/home/yunhao/ros2_ws_abbgofar/build/abb_crb15000_moveit_config' returned '0': CMAKE_PREFIX_PATH=/home/yunhao/ros2_ws_abbgofar/install/abb_crb15000_support:/home/yunhao/ros2_ws_abbgofar/install/abb_resources:/opt/ros/jazzy/opt/sdformat_vendor:/opt/ros/jazzy/opt/gz_tools_vendor:/opt/ros/jazzy/opt/gz_math_vendor:/opt/ros/jazzy/opt/gz_utils_vendor:/opt/ros/jazzy/opt/gz_cmake_vendor:/opt/ros/jazzy DEBUGINFOD_URLS=https://debuginfod.ubuntu.com /usr/bin/cmake --build /home/yunhao/ros2_ws_abbgofar/build/abb_crb15000_moveit_config -- -j32 -l32
[1.874s] Invoking command in '/home/yunhao/ros2_ws_abbgofar/build/abb_crb15000_moveit_config': CMAKE_PREFIX_PATH=/home/yunhao/ros2_ws_abbgofar/install/abb_crb15000_support:/home/yunhao/ros2_ws_abbgofar/install/abb_resources:/opt/ros/jazzy/opt/sdformat_vendor:/opt/ros/jazzy/opt/gz_tools_vendor:/opt/ros/jazzy/opt/gz_math_vendor:/opt/ros/jazzy/opt/gz_utils_vendor:/opt/ros/jazzy/opt/gz_cmake_vendor:/opt/ros/jazzy DEBUGINFOD_URLS=https://debuginfod.ubuntu.com /usr/bin/cmake --install /home/yunhao/ros2_ws_abbgofar/build/abb_crb15000_moveit_config
[1.881s] -- Install configuration: ""
[1.883s] -- Installing: /home/yunhao/ros2_ws_abbgofar/install/abb_crb15000_moveit_config/share/ament_index/resource_index/package_run_dependencies/abb_crb15000_moveit_config
[1.884s] -- Installing: /home/yunhao/ros2_ws_abbgofar/install/abb_crb15000_moveit_config/share/ament_index/resource_index/parent_prefix_path/abb_crb15000_moveit_config
[1.885s] -- Installing: /home/yunhao/ros2_ws_abbgofar/install/abb_crb15000_moveit_config/share/abb_crb15000_moveit_config/environment/ament_prefix_path.sh
[1.885s] -- Installing: /home/yunhao/ros2_ws_abbgofar/install/abb_crb15000_moveit_config/share/abb_crb15000_moveit_config/environment/ament_prefix_path.dsv
[1.885s] -- Installing: /home/yunhao/ros2_ws_abbgofar/install/abb_crb15000_moveit_config/share/abb_crb15000_moveit_config/environment/path.sh
[1.885s] -- Installing: /home/yunhao/ros2_ws_abbgofar/install/abb_crb15000_moveit_config/share/abb_crb15000_moveit_config/environment/path.dsv
[1.885s] -- Installing: /home/yunhao/ros2_ws_abbgofar/install/abb_crb15000_moveit_config/share/abb_crb15000_moveit_config/local_setup.bash
[1.886s] -- Installing: /home/yunhao/ros2_ws_abbgofar/install/abb_crb15000_moveit_config/share/abb_crb15000_moveit_config/local_setup.sh
[1.886s] -- Installing: /home/yunhao/ros2_ws_abbgofar/install/abb_crb15000_moveit_config/share/abb_crb15000_moveit_config/local_setup.zsh
[1.886s] -- Installing: /home/yunhao/ros2_ws_abbgofar/install/abb_crb15000_moveit_config/share/abb_crb15000_moveit_config/local_setup.dsv
[1.886s] -- Installing: /home/yunhao/ros2_ws_abbgofar/install/abb_crb15000_moveit_config/share/abb_crb15000_moveit_config/package.dsv
[1.887s] -- Installing: /home/yunhao/ros2_ws_abbgofar/install/abb_crb15000_moveit_config/share/ament_index/resource_index/packages/abb_crb15000_moveit_config
[1.887s] -- Installing: /home/yunhao/ros2_ws_abbgofar/install/abb_crb15000_moveit_config/share/abb_crb15000_moveit_config/cmake/abb_crb15000_moveit_configConfig.cmake
[1.888s] -- Installing: /home/yunhao/ros2_ws_abbgofar/install/abb_crb15000_moveit_config/share/abb_crb15000_moveit_config/cmake/abb_crb15000_moveit_configConfig-version.cmake
[1.888s] -- Installing: /home/yunhao/ros2_ws_abbgofar/install/abb_crb15000_moveit_config/share/abb_crb15000_moveit_config/package.xml
[1.888s] -- Installing: /home/yunhao/ros2_ws_abbgofar/install/abb_crb15000_moveit_config/share/abb_crb15000_moveit_config/launch
[1.888s] -- Installing: /home/yunhao/ros2_ws_abbgofar/install/abb_crb15000_moveit_config/share/abb_crb15000_moveit_config/launch/static_virtual_joint_tfs.launch.py
[1.888s] -- Installing: /home/yunhao/ros2_ws_abbgofar/install/abb_crb15000_moveit_config/share/abb_crb15000_moveit_config/launch/rsp.launch.py
[1.889s] -- Installing: /home/yunhao/ros2_ws_abbgofar/install/abb_crb15000_moveit_config/share/abb_crb15000_moveit_config/launch/demo.launch.py
[1.889s] -- Installing: /home/yunhao/ros2_ws_abbgofar/install/abb_crb15000_moveit_config/share/abb_crb15000_moveit_config/launch/moveit_rviz.launch.py
[1.889s] -- Installing: /home/yunhao/ros2_ws_abbgofar/install/abb_crb15000_moveit_config/share/abb_crb15000_moveit_config/launch/warehouse_db.launch.py
[1.889s] -- Installing: /home/yunhao/ros2_ws_abbgofar/install/abb_crb15000_moveit_config/share/abb_crb15000_moveit_config/launch/spawn_controllers.launch.py
[1.889s] -- Installing: /home/yunhao/ros2_ws_abbgofar/install/abb_crb15000_moveit_config/share/abb_crb15000_moveit_config/launch/move_group.launch.py
[1.889s] -- Installing: /home/yunhao/ros2_ws_abbgofar/install/abb_crb15000_moveit_config/share/abb_crb15000_moveit_config/launch/setup_assistant.launch.py
[1.890s] -- Installing: /home/yunhao/ros2_ws_abbgofar/install/abb_crb15000_moveit_config/share/abb_crb15000_moveit_config/config
[1.890s] -- Installing: /home/yunhao/ros2_ws_abbgofar/install/abb_crb15000_moveit_config/share/abb_crb15000_moveit_config/config/kinematics.yaml
[1.890s] -- Installing: /home/yunhao/ros2_ws_abbgofar/install/abb_crb15000_moveit_config/share/abb_crb15000_moveit_config/config/moveit.rviz
[1.890s] -- Installing: /home/yunhao/ros2_ws_abbgofar/install/abb_crb15000_moveit_config/share/abb_crb15000_moveit_config/config/pilz_cartesian_limits.yaml
[1.891s] -- Installing: /home/yunhao/ros2_ws_abbgofar/install/abb_crb15000_moveit_config/share/abb_crb15000_moveit_config/config/joint_limits.yaml
[1.891s] -- Installing: /home/yunhao/ros2_ws_abbgofar/install/abb_crb15000_moveit_config/share/abb_crb15000_moveit_config/config/ros2_controllers.yaml
[1.891s] -- Installing: /home/yunhao/ros2_ws_abbgofar/install/abb_crb15000_moveit_config/share/abb_crb15000_moveit_config/config/moveit_controllers.yaml
[1.891s] -- Installing: /home/yunhao/ros2_ws_abbgofar/install/abb_crb15000_moveit_config/share/abb_crb15000_moveit_config/config/abb_crb15000_12_127.srdf
[1.891s] -- Installing: /home/yunhao/ros2_ws_abbgofar/install/abb_crb15000_moveit_config/share/abb_crb15000_moveit_config/.setup_assistant
[1.894s] Invoked command in '/home/yunhao/ros2_ws_abbgofar/build/abb_crb15000_moveit_config' returned '0': CMAKE_PREFIX_PATH=/home/yunhao/ros2_ws_abbgofar/install/abb_crb15000_support:/home/yunhao/ros2_ws_abbgofar/install/abb_resources:/opt/ros/jazzy/opt/sdformat_vendor:/opt/ros/jazzy/opt/gz_tools_vendor:/opt/ros/jazzy/opt/gz_math_vendor:/opt/ros/jazzy/opt/gz_utils_vendor:/opt/ros/jazzy/opt/gz_cmake_vendor:/opt/ros/jazzy DEBUGINFOD_URLS=https://debuginfod.ubuntu.com /usr/bin/cmake --install /home/yunhao/ros2_ws_abbgofar/build/abb_crb15000_moveit_config
