[0.015s] Invoking command in '/home/yunhao/ros2_ws_abbgofar/build/abb_resources': CMAKE_PREFIX_PATH=${CMAKE_PREFIX_PATH}:/opt/ros/jazzy DEBUGINFOD_URLS=https://debuginfod.ubuntu.com /usr/bin/cmake /home/yunhao/ros2_ws_abbgofar/src/abb_resources -DCMAKE_INSTALL_PREFIX=/home/yunhao/ros2_ws_abbgofar/install/abb_resources
[0.256s] -- The C compiler identification is GNU 13.3.0
[0.797s] -- The CXX compiler identification is GNU 13.3.0
[1.255s] -- Detecting C compiler ABI info
[1.477s] -- Detecting C compiler ABI info - done
[1.483s] -- Check for working C compiler: /usr/bin/cc - skipped
[1.484s] -- Detecting C compile features
[1.485s] -- Detecting C compile features - done
[1.556s] -- Detecting CXX compiler ABI info
[1.777s] -- Detecting CXX compiler ABI info - done
[1.784s] -- Check for working CXX compiler: /usr/bin/c++ - skipped
[1.784s] -- Detecting CXX compile features
[1.784s] -- Detecting CXX compile features - done
[1.796s] -- Found ament_cmake: 2.5.5 (/opt/ros/jazzy/share/ament_cmake/cmake)
[1.911s] -- Found Python3: /usr/bin/python3 (found version "3.12.3") found components: Interpreter 
[2.088s] -- Configuring done (2.0s)
[2.093s] -- Generating done (0.0s)
[2.095s] -- Build files have been written to: /home/yunhao/ros2_ws_abbgofar/build/abb_resources
[2.100s] Invoked command in '/home/yunhao/ros2_ws_abbgofar/build/abb_resources' returned '0': CMAKE_PREFIX_PATH=${CMAKE_PREFIX_PATH}:/opt/ros/jazzy DEBUGINFOD_URLS=https://debuginfod.ubuntu.com /usr/bin/cmake /home/yunhao/ros2_ws_abbgofar/src/abb_resources -DCMAKE_INSTALL_PREFIX=/home/yunhao/ros2_ws_abbgofar/install/abb_resources
[2.101s] Invoking command in '/home/yunhao/ros2_ws_abbgofar/build/abb_resources': CMAKE_PREFIX_PATH=${CMAKE_PREFIX_PATH}:/opt/ros/jazzy DEBUGINFOD_URLS=https://debuginfod.ubuntu.com /usr/bin/cmake --build /home/yunhao/ros2_ws_abbgofar/build/abb_resources -- -j32 -l32
[2.138s] Invoked command in '/home/yunhao/ros2_ws_abbgofar/build/abb_resources' returned '0': CMAKE_PREFIX_PATH=${CMAKE_PREFIX_PATH}:/opt/ros/jazzy DEBUGINFOD_URLS=https://debuginfod.ubuntu.com /usr/bin/cmake --build /home/yunhao/ros2_ws_abbgofar/build/abb_resources -- -j32 -l32
[2.139s] Invoking command in '/home/yunhao/ros2_ws_abbgofar/build/abb_resources': CMAKE_PREFIX_PATH=${CMAKE_PREFIX_PATH}:/opt/ros/jazzy DEBUGINFOD_URLS=https://debuginfod.ubuntu.com /usr/bin/cmake --install /home/yunhao/ros2_ws_abbgofar/build/abb_resources
[2.145s] -- Install configuration: ""
[2.145s] -- Installing: /home/yunhao/ros2_ws_abbgofar/install/abb_resources/share/abb_resources/urdf
[2.146s] -- Installing: /home/yunhao/ros2_ws_abbgofar/install/abb_resources/share/abb_resources/urdf/common_materials.xacro
[2.148s] -- Installing: /home/yunhao/ros2_ws_abbgofar/install/abb_resources/share/abb_resources/urdf/common_colours.xacro
[2.149s] -- Installing: /home/yunhao/ros2_ws_abbgofar/install/abb_resources/share/ament_index/resource_index/package_run_dependencies/abb_resources
[2.150s] -- Installing: /home/yunhao/ros2_ws_abbgofar/install/abb_resources/share/ament_index/resource_index/parent_prefix_path/abb_resources
[2.150s] -- Installing: /home/yunhao/ros2_ws_abbgofar/install/abb_resources/share/abb_resources/environment/ament_prefix_path.sh
[2.150s] -- Installing: /home/yunhao/ros2_ws_abbgofar/install/abb_resources/share/abb_resources/environment/ament_prefix_path.dsv
[2.151s] -- Installing: /home/yunhao/ros2_ws_abbgofar/install/abb_resources/share/abb_resources/environment/path.sh
[2.151s] -- Installing: /home/yunhao/ros2_ws_abbgofar/install/abb_resources/share/abb_resources/environment/path.dsv
[2.151s] -- Installing: /home/yunhao/ros2_ws_abbgofar/install/abb_resources/share/abb_resources/local_setup.bash
[2.151s] -- Installing: /home/yunhao/ros2_ws_abbgofar/install/abb_resources/share/abb_resources/local_setup.sh
[2.151s] -- Installing: /home/yunhao/ros2_ws_abbgofar/install/abb_resources/share/abb_resources/local_setup.zsh
[2.151s] -- Installing: /home/yunhao/ros2_ws_abbgofar/install/abb_resources/share/abb_resources/local_setup.dsv
[2.152s] -- Installing: /home/yunhao/ros2_ws_abbgofar/install/abb_resources/share/abb_resources/package.dsv
[2.152s] -- Installing: /home/yunhao/ros2_ws_abbgofar/install/abb_resources/share/ament_index/resource_index/packages/abb_resources
[2.153s] -- Installing: /home/yunhao/ros2_ws_abbgofar/install/abb_resources/share/abb_resources/cmake/abb_resourcesConfig.cmake
[2.153s] -- Installing: /home/yunhao/ros2_ws_abbgofar/install/abb_resources/share/abb_resources/cmake/abb_resourcesConfig-version.cmake
[2.153s] -- Installing: /home/yunhao/ros2_ws_abbgofar/install/abb_resources/share/abb_resources/package.xml
[2.156s] Invoked command in '/home/yunhao/ros2_ws_abbgofar/build/abb_resources' returned '0': CMAKE_PREFIX_PATH=${CMAKE_PREFIX_PATH}:/opt/ros/jazzy DEBUGINFOD_URLS=https://debuginfod.ubuntu.com /usr/bin/cmake --install /home/yunhao/ros2_ws_abbgofar/build/abb_resources
