[0.016s] Invoking command in '/home/yunhao/ros2_ws_abbgofar/build/abb_crb15000_support': CMAKE_PREFIX_PATH=${CMAKE_PREFIX_PATH}:/opt/ros/jazzy DEBUGINFOD_URLS=https://debuginfod.ubuntu.com /usr/bin/cmake --build /home/yunhao/ros2_ws_abbgofar/build/abb_crb15000_support -- -j32 -l32
[0.108s] Invoked command in '/home/yunhao/ros2_ws_abbgofar/build/abb_crb15000_support' returned '0': CMAKE_PREFIX_PATH=${CMAKE_PREFIX_PATH}:/opt/ros/jazzy DEBUGINFOD_URLS=https://debuginfod.ubuntu.com /usr/bin/cmake --build /home/yunhao/ros2_ws_abbgofar/build/abb_crb15000_support -- -j32 -l32
[0.109s] Invoking command in '/home/yunhao/ros2_ws_abbgofar/build/abb_crb15000_support': CMAKE_PREFIX_PATH=${CMAKE_PREFIX_PATH}:/opt/ros/jazzy DEBUGINFOD_URLS=https://debuginfod.ubuntu.com /usr/bin/cmake --install /home/yunhao/ros2_ws_abbgofar/build/abb_crb15000_support
[0.118s] -- Install configuration: ""
[0.118s] -- Up-to-date: /home/yunhao/ros2_ws_abbgofar/install/abb_crb15000_support/share/abb_crb15000_support/meshes
[0.118s] -- Up-to-date: /home/yunhao/ros2_ws_abbgofar/install/abb_crb15000_support/share/abb_crb15000_support/meshes/crb15000_12_127
[0.118s] -- Up-to-date: /home/yunhao/ros2_ws_abbgofar/install/abb_crb15000_support/share/abb_crb15000_support/meshes/crb15000_12_127/visual
[0.119s] -- Up-to-date: /home/yunhao/ros2_ws_abbgofar/install/abb_crb15000_support/share/abb_crb15000_support/meshes/crb15000_12_127/visual/link_1.stl
[0.119s] -- Up-to-date: /home/yunhao/ros2_ws_abbgofar/install/abb_crb15000_support/share/abb_crb15000_support/meshes/crb15000_12_127/visual/link_4.stl
[0.119s] -- Up-to-date: /home/yunhao/ros2_ws_abbgofar/install/abb_crb15000_support/share/abb_crb15000_support/meshes/crb15000_12_127/visual/base_link.stl
[0.119s] -- Up-to-date: /home/yunhao/ros2_ws_abbgofar/install/abb_crb15000_support/share/abb_crb15000_support/meshes/crb15000_12_127/visual/link_2.stl
[0.120s] -- Up-to-date: /home/yunhao/ros2_ws_abbgofar/install/abb_crb15000_support/share/abb_crb15000_support/meshes/crb15000_12_127/collision
[0.120s] -- Up-to-date: /home/yunhao/ros2_ws_abbgofar/install/abb_crb15000_support/share/abb_crb15000_support/meshes/crb15000_12_127/collision/link_1.stl
[0.121s] -- Up-to-date: /home/yunhao/ros2_ws_abbgofar/install/abb_crb15000_support/share/abb_crb15000_support/meshes/crb15000_12_127/collision/link_4.stl
[0.121s] -- Up-to-date: /home/yunhao/ros2_ws_abbgofar/install/abb_crb15000_support/share/abb_crb15000_support/meshes/crb15000_12_127/collision/base_link.stl
[0.121s] -- Up-to-date: /home/yunhao/ros2_ws_abbgofar/install/abb_crb15000_support/share/abb_crb15000_support/meshes/crb15000_12_127/collision/link_2.stl
[0.122s] -- Up-to-date: /home/yunhao/ros2_ws_abbgofar/install/abb_crb15000_support/share/abb_crb15000_support/meshes/crb15000_5_95
[0.122s] -- Up-to-date: /home/yunhao/ros2_ws_abbgofar/install/abb_crb15000_support/share/abb_crb15000_support/meshes/crb15000_5_95/visual
[0.122s] -- Up-to-date: /home/yunhao/ros2_ws_abbgofar/install/abb_crb15000_support/share/abb_crb15000_support/meshes/crb15000_5_95/visual/link_1.stl
[0.122s] -- Up-to-date: /home/yunhao/ros2_ws_abbgofar/install/abb_crb15000_support/share/abb_crb15000_support/meshes/crb15000_5_95/visual/link_4.stl
[0.122s] -- Up-to-date: /home/yunhao/ros2_ws_abbgofar/install/abb_crb15000_support/share/abb_crb15000_support/meshes/crb15000_5_95/visual/link_3.stl
[0.122s] -- Up-to-date: /home/yunhao/ros2_ws_abbgofar/install/abb_crb15000_support/share/abb_crb15000_support/meshes/crb15000_5_95/visual/link_6.stl
[0.122s] -- Up-to-date: /home/yunhao/ros2_ws_abbgofar/install/abb_crb15000_support/share/abb_crb15000_support/meshes/crb15000_5_95/visual/base_link.stl
[0.123s] -- Up-to-date: /home/yunhao/ros2_ws_abbgofar/install/abb_crb15000_support/share/abb_crb15000_support/meshes/crb15000_5_95/visual/link_2.stl
[0.123s] -- Up-to-date: /home/yunhao/ros2_ws_abbgofar/install/abb_crb15000_support/share/abb_crb15000_support/meshes/crb15000_5_95/visual/link_5.stl
[0.123s] -- Up-to-date: /home/yunhao/ros2_ws_abbgofar/install/abb_crb15000_support/share/abb_crb15000_support/meshes/crb15000_5_95/collision
[0.123s] -- Up-to-date: /home/yunhao/ros2_ws_abbgofar/install/abb_crb15000_support/share/abb_crb15000_support/meshes/crb15000_5_95/collision/link_1.stl
[0.124s] -- Up-to-date: /home/yunhao/ros2_ws_abbgofar/install/abb_crb15000_support/share/abb_crb15000_support/meshes/crb15000_5_95/collision/link_4.stl
[0.124s] -- Up-to-date: /home/yunhao/ros2_ws_abbgofar/install/abb_crb15000_support/share/abb_crb15000_support/meshes/crb15000_5_95/collision/link_3.stl
[0.124s] -- Up-to-date: /home/yunhao/ros2_ws_abbgofar/install/abb_crb15000_support/share/abb_crb15000_support/meshes/crb15000_5_95/collision/link_6.stl
[0.124s] -- Up-to-date: /home/yunhao/ros2_ws_abbgofar/install/abb_crb15000_support/share/abb_crb15000_support/meshes/crb15000_5_95/collision/base_link.stl
[0.124s] -- Up-to-date: /home/yunhao/ros2_ws_abbgofar/install/abb_crb15000_support/share/abb_crb15000_support/meshes/crb15000_5_95/collision/link_2.stl
[0.124s] -- Up-to-date: /home/yunhao/ros2_ws_abbgofar/install/abb_crb15000_support/share/abb_crb15000_support/meshes/crb15000_5_95/collision/link_5.stl
[0.125s] -- Up-to-date: /home/yunhao/ros2_ws_abbgofar/install/abb_crb15000_support/share/abb_crb15000_support/urdf
[0.125s] -- Up-to-date: /home/yunhao/ros2_ws_abbgofar/install/abb_crb15000_support/share/abb_crb15000_support/urdf/crb15000_5_95.xacro
[0.125s] -- Up-to-date: /home/yunhao/ros2_ws_abbgofar/install/abb_crb15000_support/share/abb_crb15000_support/urdf/crb15000_12_127_macro.xacro
[0.125s] -- Up-to-date: /home/yunhao/ros2_ws_abbgofar/install/abb_crb15000_support/share/abb_crb15000_support/urdf/crb15000_5_95_macro.xacro
[0.125s] -- Installing: /home/yunhao/ros2_ws_abbgofar/install/abb_crb15000_support/share/abb_crb15000_support/urdf/crb15000_12_127.urdf
[0.125s] -- Up-to-date: /home/yunhao/ros2_ws_abbgofar/install/abb_crb15000_support/share/abb_crb15000_support/urdf/crb15000_12_127.xacro
[0.125s] -- Up-to-date: /home/yunhao/ros2_ws_abbgofar/install/abb_crb15000_support/share/ament_index/resource_index/package_run_dependencies/abb_crb15000_support
[0.125s] -- Up-to-date: /home/yunhao/ros2_ws_abbgofar/install/abb_crb15000_support/share/ament_index/resource_index/parent_prefix_path/abb_crb15000_support
[0.125s] -- Up-to-date: /home/yunhao/ros2_ws_abbgofar/install/abb_crb15000_support/share/abb_crb15000_support/environment/ament_prefix_path.sh
[0.125s] -- Up-to-date: /home/yunhao/ros2_ws_abbgofar/install/abb_crb15000_support/share/abb_crb15000_support/environment/ament_prefix_path.dsv
[0.125s] -- Up-to-date: /home/yunhao/ros2_ws_abbgofar/install/abb_crb15000_support/share/abb_crb15000_support/environment/path.sh
[0.126s] -- Up-to-date: /home/yunhao/ros2_ws_abbgofar/install/abb_crb15000_support/share/abb_crb15000_support/environment/path.dsv
[0.126s] -- Up-to-date: /home/yunhao/ros2_ws_abbgofar/install/abb_crb15000_support/share/abb_crb15000_support/local_setup.bash
[0.126s] -- Up-to-date: /home/yunhao/ros2_ws_abbgofar/install/abb_crb15000_support/share/abb_crb15000_support/local_setup.sh
[0.126s] -- Up-to-date: /home/yunhao/ros2_ws_abbgofar/install/abb_crb15000_support/share/abb_crb15000_support/local_setup.zsh
[0.126s] -- Up-to-date: /home/yunhao/ros2_ws_abbgofar/install/abb_crb15000_support/share/abb_crb15000_support/local_setup.dsv
[0.126s] -- Installing: /home/yunhao/ros2_ws_abbgofar/install/abb_crb15000_support/share/abb_crb15000_support/package.dsv
[0.127s] -- Up-to-date: /home/yunhao/ros2_ws_abbgofar/install/abb_crb15000_support/share/ament_index/resource_index/packages/abb_crb15000_support
[0.127s] -- Up-to-date: /home/yunhao/ros2_ws_abbgofar/install/abb_crb15000_support/share/abb_crb15000_support/cmake/abb_crb15000_supportConfig.cmake
[0.127s] -- Up-to-date: /home/yunhao/ros2_ws_abbgofar/install/abb_crb15000_support/share/abb_crb15000_support/cmake/abb_crb15000_supportConfig-version.cmake
[0.127s] -- Up-to-date: /home/yunhao/ros2_ws_abbgofar/install/abb_crb15000_support/share/abb_crb15000_support/package.xml
[0.147s] Invoked command in '/home/yunhao/ros2_ws_abbgofar/build/abb_crb15000_support' returned '0': CMAKE_PREFIX_PATH=${CMAKE_PREFIX_PATH}:/opt/ros/jazzy DEBUGINFOD_URLS=https://debuginfod.ubuntu.com /usr/bin/cmake --install /home/yunhao/ros2_ws_abbgofar/build/abb_crb15000_support
