running egg_info
creating ../../build/abb_crb15000_py_demo/abb_crb15000_py_demo.egg-info
writing ../../build/abb_crb15000_py_demo/abb_crb15000_py_demo.egg-info/PKG-INFO
writing dependency_links to ../../build/abb_crb15000_py_demo/abb_crb15000_py_demo.egg-info/dependency_links.txt
writing entry points to ../../build/abb_crb15000_py_demo/abb_crb15000_py_demo.egg-info/entry_points.txt
writing requirements to ../../build/abb_crb15000_py_demo/abb_crb15000_py_demo.egg-info/requires.txt
writing top-level names to ../../build/abb_crb15000_py_demo/abb_crb15000_py_demo.egg-info/top_level.txt
writing manifest file '../../build/abb_crb15000_py_demo/abb_crb15000_py_demo.egg-info/SOURCES.txt'
reading manifest file '../../build/abb_crb15000_py_demo/abb_crb15000_py_demo.egg-info/SOURCES.txt'
writing manifest file '../../build/abb_crb15000_py_demo/abb_crb15000_py_demo.egg-info/SOURCES.txt'
running build
running build_py
creating /home/yunhao/ros2_ws_abbgofar/build/abb_crb15000_py_demo/build
creating /home/yunhao/ros2_ws_abbgofar/build/abb_crb15000_py_demo/build/lib
creating /home/yunhao/ros2_ws_abbgofar/build/abb_crb15000_py_demo/build/lib/abb_crb15000_py_demo
copying abb_crb15000_py_demo/__init__.py -> /home/yunhao/ros2_ws_abbgofar/build/abb_crb15000_py_demo/build/lib/abb_crb15000_py_demo
copying abb_crb15000_py_demo/joint_motion_demo.py -> /home/yunhao/ros2_ws_abbgofar/build/abb_crb15000_py_demo/build/lib/abb_crb15000_py_demo
running install
running install_lib
creating /home/yunhao/ros2_ws_abbgofar/install/abb_crb15000_py_demo/lib/python3.12/site-packages/abb_crb15000_py_demo
copying /home/yunhao/ros2_ws_abbgofar/build/abb_crb15000_py_demo/build/lib/abb_crb15000_py_demo/__init__.py -> /home/yunhao/ros2_ws_abbgofar/install/abb_crb15000_py_demo/lib/python3.12/site-packages/abb_crb15000_py_demo
copying /home/yunhao/ros2_ws_abbgofar/build/abb_crb15000_py_demo/build/lib/abb_crb15000_py_demo/joint_motion_demo.py -> /home/yunhao/ros2_ws_abbgofar/install/abb_crb15000_py_demo/lib/python3.12/site-packages/abb_crb15000_py_demo
byte-compiling /home/yunhao/ros2_ws_abbgofar/install/abb_crb15000_py_demo/lib/python3.12/site-packages/abb_crb15000_py_demo/__init__.py to __init__.cpython-312.pyc
byte-compiling /home/yunhao/ros2_ws_abbgofar/install/abb_crb15000_py_demo/lib/python3.12/site-packages/abb_crb15000_py_demo/joint_motion_demo.py to joint_motion_demo.cpython-312.pyc
running install_data
creating /home/yunhao/ros2_ws_abbgofar/install/abb_crb15000_py_demo/share/ament_index
creating /home/yunhao/ros2_ws_abbgofar/install/abb_crb15000_py_demo/share/ament_index/resource_index
creating /home/yunhao/ros2_ws_abbgofar/install/abb_crb15000_py_demo/share/ament_index/resource_index/packages
copying resource/abb_crb15000_py_demo -> /home/yunhao/ros2_ws_abbgofar/install/abb_crb15000_py_demo/share/ament_index/resource_index/packages
copying package.xml -> /home/yunhao/ros2_ws_abbgofar/install/abb_crb15000_py_demo/share/abb_crb15000_py_demo
running install_egg_info
Copying ../../build/abb_crb15000_py_demo/abb_crb15000_py_demo.egg-info to /home/yunhao/ros2_ws_abbgofar/install/abb_crb15000_py_demo/lib/python3.12/site-packages/abb_crb15000_py_demo-0.1.0-py3.12.egg-info
running install_scripts
Installing joint_motion_demo script to /home/yunhao/ros2_ws_abbgofar/install/abb_crb15000_py_demo/lib/abb_crb15000_py_demo
writing list of installed files to '/home/yunhao/ros2_ws_abbgofar/build/abb_crb15000_py_demo/install.log'
