[0.040s] Invoking command in '/home/yunhao/ros2_ws_abbgofar/build/abb_crb15000_support': AMENT_PREFIX_PATH=/home/yunhao/ros2_ws_abbgofar/install/abb_resources:${AMENT_PREFIX_PATH} CMAKE_PREFIX_PATH=/home/yunhao/ros2_ws_abbgofar/install/abb_resources:/opt/ros/jazzy/opt/sdformat_vendor:/opt/ros/jazzy/opt/gz_tools_vendor:/opt/ros/jazzy/opt/gz_math_vendor:/opt/ros/jazzy/opt/gz_utils_vendor:/opt/ros/jazzy/opt/gz_cmake_vendor:/opt/ros/jazzy DEBUGINFOD_URLS=https://debuginfod.ubuntu.com /usr/bin/cmake --build /home/yunhao/ros2_ws_abbgofar/build/abb_crb15000_support -- -j32 -l32
[0.070s] -- Found ament_cmake: 2.5.5 (/opt/ros/jazzy/share/ament_cmake/cmake)
[0.331s] -- Configuring done (0.3s)
[0.340s] -- Generating done (0.0s)
[0.342s] -- Build files have been written to: /home/yunhao/ros2_ws_abbgofar/build/abb_crb15000_support
[0.364s] Invoked command in '/home/yunhao/ros2_ws_abbgofar/build/abb_crb15000_support' returned '0': AMENT_PREFIX_PATH=/home/yunhao/ros2_ws_abbgofar/install/abb_resources:${AMENT_PREFIX_PATH} CMAKE_PREFIX_PATH=/home/yunhao/ros2_ws_abbgofar/install/abb_resources:/opt/ros/jazzy/opt/sdformat_vendor:/opt/ros/jazzy/opt/gz_tools_vendor:/opt/ros/jazzy/opt/gz_math_vendor:/opt/ros/jazzy/opt/gz_utils_vendor:/opt/ros/jazzy/opt/gz_cmake_vendor:/opt/ros/jazzy DEBUGINFOD_URLS=https://debuginfod.ubuntu.com /usr/bin/cmake --build /home/yunhao/ros2_ws_abbgofar/build/abb_crb15000_support -- -j32 -l32
[0.365s] Invoking command in '/home/yunhao/ros2_ws_abbgofar/build/abb_crb15000_support': AMENT_PREFIX_PATH=/home/yunhao/ros2_ws_abbgofar/install/abb_resources:${AMENT_PREFIX_PATH} CMAKE_PREFIX_PATH=/home/yunhao/ros2_ws_abbgofar/install/abb_resources:/opt/ros/jazzy/opt/sdformat_vendor:/opt/ros/jazzy/opt/gz_tools_vendor:/opt/ros/jazzy/opt/gz_math_vendor:/opt/ros/jazzy/opt/gz_utils_vendor:/opt/ros/jazzy/opt/gz_cmake_vendor:/opt/ros/jazzy DEBUGINFOD_URLS=https://debuginfod.ubuntu.com /usr/bin/cmake --install /home/yunhao/ros2_ws_abbgofar/build/abb_crb15000_support
[0.373s] -- Install configuration: ""
[0.373s] -- Up-to-date: /home/yunhao/ros2_ws_abbgofar/install/abb_crb15000_support/share/abb_crb15000_support/meshes
[0.373s] -- Up-to-date: /home/yunhao/ros2_ws_abbgofar/install/abb_crb15000_support/share/abb_crb15000_support/meshes/crb15000_12_127
[0.373s] -- Up-to-date: /home/yunhao/ros2_ws_abbgofar/install/abb_crb15000_support/share/abb_crb15000_support/meshes/crb15000_12_127/visual
[0.374s] -- Up-to-date: /home/yunhao/ros2_ws_abbgofar/install/abb_crb15000_support/share/abb_crb15000_support/meshes/crb15000_12_127/visual/link_1.stl
[0.374s] -- Up-to-date: /home/yunhao/ros2_ws_abbgofar/install/abb_crb15000_support/share/abb_crb15000_support/meshes/crb15000_12_127/visual/link_4.stl
[0.374s] -- Up-to-date: /home/yunhao/ros2_ws_abbgofar/install/abb_crb15000_support/share/abb_crb15000_support/meshes/crb15000_12_127/visual/base_link.stl
[0.374s] -- Up-to-date: /home/yunhao/ros2_ws_abbgofar/install/abb_crb15000_support/share/abb_crb15000_support/meshes/crb15000_12_127/visual/link_2.stl
[0.374s] -- Up-to-date: /home/yunhao/ros2_ws_abbgofar/install/abb_crb15000_support/share/abb_crb15000_support/meshes/crb15000_12_127/collision
[0.374s] -- Up-to-date: /home/yunhao/ros2_ws_abbgofar/install/abb_crb15000_support/share/abb_crb15000_support/meshes/crb15000_12_127/collision/link_1.stl
[0.374s] -- Up-to-date: /home/yunhao/ros2_ws_abbgofar/install/abb_crb15000_support/share/abb_crb15000_support/meshes/crb15000_12_127/collision/link_4.stl
[0.374s] -- Up-to-date: /home/yunhao/ros2_ws_abbgofar/install/abb_crb15000_support/share/abb_crb15000_support/meshes/crb15000_12_127/collision/base_link.stl
[0.374s] -- Up-to-date: /home/yunhao/ros2_ws_abbgofar/install/abb_crb15000_support/share/abb_crb15000_support/meshes/crb15000_12_127/collision/link_2.stl
[0.374s] -- Up-to-date: /home/yunhao/ros2_ws_abbgofar/install/abb_crb15000_support/share/abb_crb15000_support/meshes/crb15000_5_95
[0.374s] -- Up-to-date: /home/yunhao/ros2_ws_abbgofar/install/abb_crb15000_support/share/abb_crb15000_support/meshes/crb15000_5_95/visual
[0.374s] -- Up-to-date: /home/yunhao/ros2_ws_abbgofar/install/abb_crb15000_support/share/abb_crb15000_support/meshes/crb15000_5_95/visual/link_1.stl
[0.375s] -- Up-to-date: /home/yunhao/ros2_ws_abbgofar/install/abb_crb15000_support/share/abb_crb15000_support/meshes/crb15000_5_95/visual/link_4.stl
[0.375s] -- Up-to-date: /home/yunhao/ros2_ws_abbgofar/install/abb_crb15000_support/share/abb_crb15000_support/meshes/crb15000_5_95/visual/link_3.stl
[0.375s] -- Up-to-date: /home/yunhao/ros2_ws_abbgofar/install/abb_crb15000_support/share/abb_crb15000_support/meshes/crb15000_5_95/visual/link_6.stl
[0.375s] -- Up-to-date: /home/yunhao/ros2_ws_abbgofar/install/abb_crb15000_support/share/abb_crb15000_support/meshes/crb15000_5_95/visual/base_link.stl
[0.375s] -- Up-to-date: /home/yunhao/ros2_ws_abbgofar/install/abb_crb15000_support/share/abb_crb15000_support/meshes/crb15000_5_95/visual/link_2.stl
[0.375s] -- Up-to-date: /home/yunhao/ros2_ws_abbgofar/install/abb_crb15000_support/share/abb_crb15000_support/meshes/crb15000_5_95/visual/link_5.stl
[0.375s] -- Up-to-date: /home/yunhao/ros2_ws_abbgofar/install/abb_crb15000_support/share/abb_crb15000_support/meshes/crb15000_5_95/collision
[0.375s] -- Up-to-date: /home/yunhao/ros2_ws_abbgofar/install/abb_crb15000_support/share/abb_crb15000_support/meshes/crb15000_5_95/collision/link_1.stl
[0.375s] -- Up-to-date: /home/yunhao/ros2_ws_abbgofar/install/abb_crb15000_support/share/abb_crb15000_support/meshes/crb15000_5_95/collision/link_4.stl
[0.375s] -- Up-to-date: /home/yunhao/ros2_ws_abbgofar/install/abb_crb15000_support/share/abb_crb15000_support/meshes/crb15000_5_95/collision/link_3.stl
[0.375s] -- Up-to-date: /home/yunhao/ros2_ws_abbgofar/install/abb_crb15000_support/share/abb_crb15000_support/meshes/crb15000_5_95/collision/link_6.stl
[0.375s] -- Up-to-date: /home/yunhao/ros2_ws_abbgofar/install/abb_crb15000_support/share/abb_crb15000_support/meshes/crb15000_5_95/collision/base_link.stl
[0.375s] -- Up-to-date: /home/yunhao/ros2_ws_abbgofar/install/abb_crb15000_support/share/abb_crb15000_support/meshes/crb15000_5_95/collision/link_2.stl
[0.375s] -- Up-to-date: /home/yunhao/ros2_ws_abbgofar/install/abb_crb15000_support/share/abb_crb15000_support/meshes/crb15000_5_95/collision/link_5.stl
[0.375s] -- Up-to-date: /home/yunhao/ros2_ws_abbgofar/install/abb_crb15000_support/share/abb_crb15000_support/urdf
[0.375s] -- Up-to-date: /home/yunhao/ros2_ws_abbgofar/install/abb_crb15000_support/share/abb_crb15000_support/urdf/crb15000_5_95.xacro
[0.375s] -- Up-to-date: /home/yunhao/ros2_ws_abbgofar/install/abb_crb15000_support/share/abb_crb15000_support/urdf/crb15000_12_127_macro.xacro
[0.375s] -- Up-to-date: /home/yunhao/ros2_ws_abbgofar/install/abb_crb15000_support/share/abb_crb15000_support/urdf/crb15000_5_95_macro.xacro
[0.375s] -- Up-to-date: /home/yunhao/ros2_ws_abbgofar/install/abb_crb15000_support/share/abb_crb15000_support/urdf/crb15000_12_127.urdf
[0.375s] -- Up-to-date: /home/yunhao/ros2_ws_abbgofar/install/abb_crb15000_support/share/abb_crb15000_support/urdf/crb15000_12_127.xacro
[0.375s] -- Installing: /home/yunhao/ros2_ws_abbgofar/install/abb_crb15000_support/share/ament_index/resource_index/package_run_dependencies/abb_crb15000_support
[0.375s] -- Installing: /home/yunhao/ros2_ws_abbgofar/install/abb_crb15000_support/share/ament_index/resource_index/parent_prefix_path/abb_crb15000_support
[0.376s] -- Up-to-date: /home/yunhao/ros2_ws_abbgofar/install/abb_crb15000_support/share/abb_crb15000_support/environment/ament_prefix_path.sh
[0.376s] -- Up-to-date: /home/yunhao/ros2_ws_abbgofar/install/abb_crb15000_support/share/abb_crb15000_support/environment/ament_prefix_path.dsv
[0.376s] -- Up-to-date: /home/yunhao/ros2_ws_abbgofar/install/abb_crb15000_support/share/abb_crb15000_support/environment/path.sh
[0.376s] -- Up-to-date: /home/yunhao/ros2_ws_abbgofar/install/abb_crb15000_support/share/abb_crb15000_support/environment/path.dsv
[0.376s] -- Up-to-date: /home/yunhao/ros2_ws_abbgofar/install/abb_crb15000_support/share/abb_crb15000_support/local_setup.bash
[0.376s] -- Up-to-date: /home/yunhao/ros2_ws_abbgofar/install/abb_crb15000_support/share/abb_crb15000_support/local_setup.sh
[0.376s] -- Up-to-date: /home/yunhao/ros2_ws_abbgofar/install/abb_crb15000_support/share/abb_crb15000_support/local_setup.zsh
[0.376s] -- Up-to-date: /home/yunhao/ros2_ws_abbgofar/install/abb_crb15000_support/share/abb_crb15000_support/local_setup.dsv
[0.376s] -- Installing: /home/yunhao/ros2_ws_abbgofar/install/abb_crb15000_support/share/abb_crb15000_support/package.dsv
[0.376s] -- Up-to-date: /home/yunhao/ros2_ws_abbgofar/install/abb_crb15000_support/share/ament_index/resource_index/packages/abb_crb15000_support
[0.376s] -- Up-to-date: /home/yunhao/ros2_ws_abbgofar/install/abb_crb15000_support/share/abb_crb15000_support/cmake/abb_crb15000_supportConfig.cmake
[0.376s] -- Up-to-date: /home/yunhao/ros2_ws_abbgofar/install/abb_crb15000_support/share/abb_crb15000_support/cmake/abb_crb15000_supportConfig-version.cmake
[0.376s] -- Installing: /home/yunhao/ros2_ws_abbgofar/install/abb_crb15000_support/share/abb_crb15000_support/package.xml
[0.377s] Invoked command in '/home/yunhao/ros2_ws_abbgofar/build/abb_crb15000_support' returned '0': AMENT_PREFIX_PATH=/home/yunhao/ros2_ws_abbgofar/install/abb_resources:${AMENT_PREFIX_PATH} CMAKE_PREFIX_PATH=/home/yunhao/ros2_ws_abbgofar/install/abb_resources:/opt/ros/jazzy/opt/sdformat_vendor:/opt/ros/jazzy/opt/gz_tools_vendor:/opt/ros/jazzy/opt/gz_math_vendor:/opt/ros/jazzy/opt/gz_utils_vendor:/opt/ros/jazzy/opt/gz_cmake_vendor:/opt/ros/jazzy DEBUGINFOD_URLS=https://debuginfod.ubuntu.com /usr/bin/cmake --install /home/yunhao/ros2_ws_abbgofar/build/abb_crb15000_support
