[0.082s] Invoking command in '/home/yunhao/ros2_ws_abbgofar/build/abb_crb15000_12_127_moveit_config': AMENT_PREFIX_PATH=/home/yunhao/ros2_ws_abbgofar/install/abb_crb15000_support:/home/yunhao/ros2_ws_abbgofar/install/abb_resources:${AMENT_PREFIX_PATH} CMAKE_PREFIX_PATH=/home/yunhao/ros2_ws_abbgofar/install/abb_crb15000_support:/home/yunhao/ros2_ws_abbgofar/install/abb_resources:/opt/ros/jazzy/opt/sdformat_vendor:/opt/ros/jazzy/opt/gz_tools_vendor:/opt/ros/jazzy/opt/gz_math_vendor:/opt/ros/jazzy/opt/gz_utils_vendor:/opt/ros/jazzy/opt/gz_cmake_vendor:/opt/ros/jazzy DEBUGINFOD_URLS=https://debuginfod.ubuntu.com /usr/bin/cmake --build /home/yunhao/ros2_ws_abbgofar/build/abb_crb15000_12_127_moveit_config -- -j32 -l32
[0.176s] Invoked command in '/home/yunhao/ros2_ws_abbgofar/build/abb_crb15000_12_127_moveit_config' returned '0': AMENT_PREFIX_PATH=/home/yunhao/ros2_ws_abbgofar/install/abb_crb15000_support:/home/yunhao/ros2_ws_abbgofar/install/abb_resources:${AMENT_PREFIX_PATH} CMAKE_PREFIX_PATH=/home/yunhao/ros2_ws_abbgofar/install/abb_crb15000_support:/home/yunhao/ros2_ws_abbgofar/install/abb_resources:/opt/ros/jazzy/opt/sdformat_vendor:/opt/ros/jazzy/opt/gz_tools_vendor:/opt/ros/jazzy/opt/gz_math_vendor:/opt/ros/jazzy/opt/gz_utils_vendor:/opt/ros/jazzy/opt/gz_cmake_vendor:/opt/ros/jazzy DEBUGINFOD_URLS=https://debuginfod.ubuntu.com /usr/bin/cmake --build /home/yunhao/ros2_ws_abbgofar/build/abb_crb15000_12_127_moveit_config -- -j32 -l32
[0.187s] Invoking command in '/home/yunhao/ros2_ws_abbgofar/build/abb_crb15000_12_127_moveit_config': AMENT_PREFIX_PATH=/home/yunhao/ros2_ws_abbgofar/install/abb_crb15000_support:/home/yunhao/ros2_ws_abbgofar/install/abb_resources:${AMENT_PREFIX_PATH} CMAKE_PREFIX_PATH=/home/yunhao/ros2_ws_abbgofar/install/abb_crb15000_support:/home/yunhao/ros2_ws_abbgofar/install/abb_resources:/opt/ros/jazzy/opt/sdformat_vendor:/opt/ros/jazzy/opt/gz_tools_vendor:/opt/ros/jazzy/opt/gz_math_vendor:/opt/ros/jazzy/opt/gz_utils_vendor:/opt/ros/jazzy/opt/gz_cmake_vendor:/opt/ros/jazzy DEBUGINFOD_URLS=https://debuginfod.ubuntu.com /usr/bin/cmake --install /home/yunhao/ros2_ws_abbgofar/build/abb_crb15000_12_127_moveit_config
[0.195s] -- Install configuration: ""
[0.196s] -- Up-to-date: /home/yunhao/ros2_ws_abbgofar/install/abb_crb15000_12_127_moveit_config/share/abb_crb15000_12_127_moveit_config/config
[0.196s] -- Up-to-date: /home/yunhao/ros2_ws_abbgofar/install/abb_crb15000_12_127_moveit_config/share/abb_crb15000_12_127_moveit_config/config/crb15000_12_127.srdf
[0.196s] -- Up-to-date: /home/yunhao/ros2_ws_abbgofar/install/abb_crb15000_12_127_moveit_config/share/abb_crb15000_12_127_moveit_config/config/kinematics.yaml
[0.197s] -- Up-to-date: /home/yunhao/ros2_ws_abbgofar/install/abb_crb15000_12_127_moveit_config/share/abb_crb15000_12_127_moveit_config/config/initial_positions.yaml
[0.197s] -- Installing: /home/yunhao/ros2_ws_abbgofar/install/abb_crb15000_12_127_moveit_config/share/abb_crb15000_12_127_moveit_config/config/ompl_planning.yaml
[0.197s] -- Up-to-date: /home/yunhao/ros2_ws_abbgofar/install/abb_crb15000_12_127_moveit_config/share/abb_crb15000_12_127_moveit_config/config/joint_limits.yaml
[0.197s] -- Up-to-date: /home/yunhao/ros2_ws_abbgofar/install/abb_crb15000_12_127_moveit_config/share/abb_crb15000_12_127_moveit_config/config/ros2_controllers.yaml
[0.197s] -- Up-to-date: /home/yunhao/ros2_ws_abbgofar/install/abb_crb15000_12_127_moveit_config/share/abb_crb15000_12_127_moveit_config/config/moveit_controllers.yaml
[0.198s] -- Up-to-date: /home/yunhao/ros2_ws_abbgofar/install/abb_crb15000_12_127_moveit_config/share/abb_crb15000_12_127_moveit_config/config/crb15000_12_127.urdf.xacro
[0.198s] -- Up-to-date: /home/yunhao/ros2_ws_abbgofar/install/abb_crb15000_12_127_moveit_config/share/abb_crb15000_12_127_moveit_config/launch
[0.198s] -- Up-to-date: /home/yunhao/ros2_ws_abbgofar/install/abb_crb15000_12_127_moveit_config/share/abb_crb15000_12_127_moveit_config/launch/demo.launch.py
[0.198s] -- Up-to-date: /home/yunhao/ros2_ws_abbgofar/install/abb_crb15000_12_127_moveit_config/share/abb_crb15000_12_127_moveit_config/launch/__pycache__
[0.198s] -- Up-to-date: /home/yunhao/ros2_ws_abbgofar/install/abb_crb15000_12_127_moveit_config/share/abb_crb15000_12_127_moveit_config/launch/__pycache__/demo.launch.cpython-312.pyc
[0.198s] -- Up-to-date: /home/yunhao/ros2_ws_abbgofar/install/abb_crb15000_12_127_moveit_config/share/ament_index/resource_index/package_run_dependencies/abb_crb15000_12_127_moveit_config
[0.198s] -- Up-to-date: /home/yunhao/ros2_ws_abbgofar/install/abb_crb15000_12_127_moveit_config/share/ament_index/resource_index/parent_prefix_path/abb_crb15000_12_127_moveit_config
[0.198s] -- Up-to-date: /home/yunhao/ros2_ws_abbgofar/install/abb_crb15000_12_127_moveit_config/share/abb_crb15000_12_127_moveit_config/environment/ament_prefix_path.sh
[0.198s] -- Up-to-date: /home/yunhao/ros2_ws_abbgofar/install/abb_crb15000_12_127_moveit_config/share/abb_crb15000_12_127_moveit_config/environment/ament_prefix_path.dsv
[0.198s] -- Up-to-date: /home/yunhao/ros2_ws_abbgofar/install/abb_crb15000_12_127_moveit_config/share/abb_crb15000_12_127_moveit_config/environment/path.sh
[0.198s] -- Up-to-date: /home/yunhao/ros2_ws_abbgofar/install/abb_crb15000_12_127_moveit_config/share/abb_crb15000_12_127_moveit_config/environment/path.dsv
[0.198s] -- Up-to-date: /home/yunhao/ros2_ws_abbgofar/install/abb_crb15000_12_127_moveit_config/share/abb_crb15000_12_127_moveit_config/local_setup.bash
[0.198s] -- Up-to-date: /home/yunhao/ros2_ws_abbgofar/install/abb_crb15000_12_127_moveit_config/share/abb_crb15000_12_127_moveit_config/local_setup.sh
[0.198s] -- Up-to-date: /home/yunhao/ros2_ws_abbgofar/install/abb_crb15000_12_127_moveit_config/share/abb_crb15000_12_127_moveit_config/local_setup.zsh
[0.198s] -- Up-to-date: /home/yunhao/ros2_ws_abbgofar/install/abb_crb15000_12_127_moveit_config/share/abb_crb15000_12_127_moveit_config/local_setup.dsv
[0.198s] -- Installing: /home/yunhao/ros2_ws_abbgofar/install/abb_crb15000_12_127_moveit_config/share/abb_crb15000_12_127_moveit_config/package.dsv
[0.198s] -- Up-to-date: /home/yunhao/ros2_ws_abbgofar/install/abb_crb15000_12_127_moveit_config/share/ament_index/resource_index/packages/abb_crb15000_12_127_moveit_config
[0.198s] -- Up-to-date: /home/yunhao/ros2_ws_abbgofar/install/abb_crb15000_12_127_moveit_config/share/abb_crb15000_12_127_moveit_config/cmake/abb_crb15000_12_127_moveit_configConfig.cmake
[0.199s] -- Up-to-date: /home/yunhao/ros2_ws_abbgofar/install/abb_crb15000_12_127_moveit_config/share/abb_crb15000_12_127_moveit_config/cmake/abb_crb15000_12_127_moveit_configConfig-version.cmake
[0.199s] -- Up-to-date: /home/yunhao/ros2_ws_abbgofar/install/abb_crb15000_12_127_moveit_config/share/abb_crb15000_12_127_moveit_config/package.xml
[0.200s] Invoked command in '/home/yunhao/ros2_ws_abbgofar/build/abb_crb15000_12_127_moveit_config' returned '0': AMENT_PREFIX_PATH=/home/yunhao/ros2_ws_abbgofar/install/abb_crb15000_support:/home/yunhao/ros2_ws_abbgofar/install/abb_resources:${AMENT_PREFIX_PATH} CMAKE_PREFIX_PATH=/home/yunhao/ros2_ws_abbgofar/install/abb_crb15000_support:/home/yunhao/ros2_ws_abbgofar/install/abb_resources:/opt/ros/jazzy/opt/sdformat_vendor:/opt/ros/jazzy/opt/gz_tools_vendor:/opt/ros/jazzy/opt/gz_math_vendor:/opt/ros/jazzy/opt/gz_utils_vendor:/opt/ros/jazzy/opt/gz_cmake_vendor:/opt/ros/jazzy DEBUGINFOD_URLS=https://debuginfod.ubuntu.com /usr/bin/cmake --install /home/yunhao/ros2_ws_abbgofar/build/abb_crb15000_12_127_moveit_config
