[0.019s] Invoking command in '/home/yunhao/ros2_ws_abbgofar/build/abb_crb15000_support': CMAKE_PREFIX_PATH=${CMAKE_PREFIX_PATH}:/opt/ros/jazzy DEBUGINFOD_URLS=https://debuginfod.ubuntu.com /usr/bin/cmake /home/yunhao/ros2_ws_abbgofar/src/abb_crb15000_support -DCMAKE_INSTALL_PREFIX=/home/yunhao/ros2_ws_abbgofar/install/abb_crb15000_support
[0.285s] -- The C compiler identification is GNU 13.3.0
[0.833s] -- The CXX compiler identification is GNU 13.3.0
[1.291s] -- Detecting C compiler ABI info
[1.516s] -- Detecting C compiler ABI info - done
[1.521s] -- Check for working C compiler: /usr/bin/cc - skipped
[1.523s] -- Detecting C compile features
[1.524s] -- Detecting C compile features - done
[1.596s] -- Detecting CXX compiler ABI info
[1.820s] -- Detecting CXX compiler ABI info - done
[1.827s] -- Check for working CXX compiler: /usr/bin/c++ - skipped
[1.827s] -- Detecting CXX compile features
[1.827s] -- Detecting CXX compile features - done
[1.846s] -- Found ament_cmake: 2.5.5 (/opt/ros/jazzy/share/ament_cmake/cmake)
[1.966s] -- Found Python3: /usr/bin/python3 (found version "3.12.3") found components: Interpreter 
[2.141s] -- Configuring done (2.1s)
[2.147s] -- Generating done (0.0s)
[2.150s] -- Build files have been written to: /home/yunhao/ros2_ws_abbgofar/build/abb_crb15000_support
[2.156s] Invoked command in '/home/yunhao/ros2_ws_abbgofar/build/abb_crb15000_support' returned '0': CMAKE_PREFIX_PATH=${CMAKE_PREFIX_PATH}:/opt/ros/jazzy DEBUGINFOD_URLS=https://debuginfod.ubuntu.com /usr/bin/cmake /home/yunhao/ros2_ws_abbgofar/src/abb_crb15000_support -DCMAKE_INSTALL_PREFIX=/home/yunhao/ros2_ws_abbgofar/install/abb_crb15000_support
[2.157s] Invoking command in '/home/yunhao/ros2_ws_abbgofar/build/abb_crb15000_support': CMAKE_PREFIX_PATH=${CMAKE_PREFIX_PATH}:/opt/ros/jazzy DEBUGINFOD_URLS=https://debuginfod.ubuntu.com /usr/bin/cmake --build /home/yunhao/ros2_ws_abbgofar/build/abb_crb15000_support -- -j32 -l32
[2.194s] Invoked command in '/home/yunhao/ros2_ws_abbgofar/build/abb_crb15000_support' returned '0': CMAKE_PREFIX_PATH=${CMAKE_PREFIX_PATH}:/opt/ros/jazzy DEBUGINFOD_URLS=https://debuginfod.ubuntu.com /usr/bin/cmake --build /home/yunhao/ros2_ws_abbgofar/build/abb_crb15000_support -- -j32 -l32
[2.203s] Invoking command in '/home/yunhao/ros2_ws_abbgofar/build/abb_crb15000_support': CMAKE_PREFIX_PATH=${CMAKE_PREFIX_PATH}:/opt/ros/jazzy DEBUGINFOD_URLS=https://debuginfod.ubuntu.com /usr/bin/cmake --install /home/yunhao/ros2_ws_abbgofar/build/abb_crb15000_support
[2.211s] -- Install configuration: ""
[2.211s] -- Installing: /home/yunhao/ros2_ws_abbgofar/install/abb_crb15000_support/share/abb_crb15000_support/meshes
[2.212s] -- Installing: /home/yunhao/ros2_ws_abbgofar/install/abb_crb15000_support/share/abb_crb15000_support/meshes/crb15000_12_127
[2.212s] -- Installing: /home/yunhao/ros2_ws_abbgofar/install/abb_crb15000_support/share/abb_crb15000_support/meshes/crb15000_12_127/visual
[2.213s] -- Installing: /home/yunhao/ros2_ws_abbgofar/install/abb_crb15000_support/share/abb_crb15000_support/meshes/crb15000_12_127/visual/link_1.stl
[2.215s] -- Installing: /home/yunhao/ros2_ws_abbgofar/install/abb_crb15000_support/share/abb_crb15000_support/meshes/crb15000_12_127/visual/link_4.stl
[2.217s] -- Installing: /home/yunhao/ros2_ws_abbgofar/install/abb_crb15000_support/share/abb_crb15000_support/meshes/crb15000_12_127/visual/base_link.stl
[2.219s] -- Installing: /home/yunhao/ros2_ws_abbgofar/install/abb_crb15000_support/share/abb_crb15000_support/meshes/crb15000_12_127/visual/link_2.stl
[2.220s] -- Installing: /home/yunhao/ros2_ws_abbgofar/install/abb_crb15000_support/share/abb_crb15000_support/meshes/crb15000_12_127/collision
[2.221s] -- Installing: /home/yunhao/ros2_ws_abbgofar/install/abb_crb15000_support/share/abb_crb15000_support/meshes/crb15000_12_127/collision/link_1.stl
[2.221s] -- Installing: /home/yunhao/ros2_ws_abbgofar/install/abb_crb15000_support/share/abb_crb15000_support/meshes/crb15000_12_127/collision/link_4.stl
[2.222s] -- Installing: /home/yunhao/ros2_ws_abbgofar/install/abb_crb15000_support/share/abb_crb15000_support/meshes/crb15000_12_127/collision/base_link.stl
[2.223s] -- Installing: /home/yunhao/ros2_ws_abbgofar/install/abb_crb15000_support/share/abb_crb15000_support/meshes/crb15000_12_127/collision/link_2.stl
[2.224s] -- Installing: /home/yunhao/ros2_ws_abbgofar/install/abb_crb15000_support/share/abb_crb15000_support/meshes/crb15000_5_95
[2.224s] -- Installing: /home/yunhao/ros2_ws_abbgofar/install/abb_crb15000_support/share/abb_crb15000_support/meshes/crb15000_5_95/visual
[2.224s] -- Installing: /home/yunhao/ros2_ws_abbgofar/install/abb_crb15000_support/share/abb_crb15000_support/meshes/crb15000_5_95/visual/link_1.stl
[2.225s] -- Installing: /home/yunhao/ros2_ws_abbgofar/install/abb_crb15000_support/share/abb_crb15000_support/meshes/crb15000_5_95/visual/link_4.stl
[2.227s] -- Installing: /home/yunhao/ros2_ws_abbgofar/install/abb_crb15000_support/share/abb_crb15000_support/meshes/crb15000_5_95/visual/link_3.stl
[2.228s] -- Installing: /home/yunhao/ros2_ws_abbgofar/install/abb_crb15000_support/share/abb_crb15000_support/meshes/crb15000_5_95/visual/link_6.stl
[2.230s] -- Installing: /home/yunhao/ros2_ws_abbgofar/install/abb_crb15000_support/share/abb_crb15000_support/meshes/crb15000_5_95/visual/base_link.stl
[2.231s] -- Installing: /home/yunhao/ros2_ws_abbgofar/install/abb_crb15000_support/share/abb_crb15000_support/meshes/crb15000_5_95/visual/link_2.stl
[2.232s] -- Installing: /home/yunhao/ros2_ws_abbgofar/install/abb_crb15000_support/share/abb_crb15000_support/meshes/crb15000_5_95/visual/link_5.stl
[2.234s] -- Installing: /home/yunhao/ros2_ws_abbgofar/install/abb_crb15000_support/share/abb_crb15000_support/meshes/crb15000_5_95/collision
[2.234s] -- Installing: /home/yunhao/ros2_ws_abbgofar/install/abb_crb15000_support/share/abb_crb15000_support/meshes/crb15000_5_95/collision/link_1.stl
[2.235s] -- Installing: /home/yunhao/ros2_ws_abbgofar/install/abb_crb15000_support/share/abb_crb15000_support/meshes/crb15000_5_95/collision/link_4.stl
[2.236s] -- Installing: /home/yunhao/ros2_ws_abbgofar/install/abb_crb15000_support/share/abb_crb15000_support/meshes/crb15000_5_95/collision/link_3.stl
[2.236s] -- Installing: /home/yunhao/ros2_ws_abbgofar/install/abb_crb15000_support/share/abb_crb15000_support/meshes/crb15000_5_95/collision/link_6.stl
[2.237s] -- Installing: /home/yunhao/ros2_ws_abbgofar/install/abb_crb15000_support/share/abb_crb15000_support/meshes/crb15000_5_95/collision/base_link.stl
[2.238s] -- Installing: /home/yunhao/ros2_ws_abbgofar/install/abb_crb15000_support/share/abb_crb15000_support/meshes/crb15000_5_95/collision/link_2.stl
[2.238s] -- Installing: /home/yunhao/ros2_ws_abbgofar/install/abb_crb15000_support/share/abb_crb15000_support/meshes/crb15000_5_95/collision/link_5.stl
[2.239s] -- Installing: /home/yunhao/ros2_ws_abbgofar/install/abb_crb15000_support/share/abb_crb15000_support/urdf
[2.239s] -- Installing: /home/yunhao/ros2_ws_abbgofar/install/abb_crb15000_support/share/abb_crb15000_support/urdf/crb15000_5_95.xacro
[2.240s] -- Installing: /home/yunhao/ros2_ws_abbgofar/install/abb_crb15000_support/share/abb_crb15000_support/urdf/crb15000_12_127_macro.xacro
[2.240s] -- Installing: /home/yunhao/ros2_ws_abbgofar/install/abb_crb15000_support/share/abb_crb15000_support/urdf/crb15000_5_95_macro.xacro
[2.241s] -- Installing: /home/yunhao/ros2_ws_abbgofar/install/abb_crb15000_support/share/abb_crb15000_support/urdf/crb15000_12_127.xacro
[2.242s] -- Installing: /home/yunhao/ros2_ws_abbgofar/install/abb_crb15000_support/share/ament_index/resource_index/package_run_dependencies/abb_crb15000_support
[2.243s] -- Installing: /home/yunhao/ros2_ws_abbgofar/install/abb_crb15000_support/share/ament_index/resource_index/parent_prefix_path/abb_crb15000_support
[2.243s] -- Installing: /home/yunhao/ros2_ws_abbgofar/install/abb_crb15000_support/share/abb_crb15000_support/environment/ament_prefix_path.sh
[2.243s] -- Installing: /home/yunhao/ros2_ws_abbgofar/install/abb_crb15000_support/share/abb_crb15000_support/environment/ament_prefix_path.dsv
[2.243s] -- Installing: /home/yunhao/ros2_ws_abbgofar/install/abb_crb15000_support/share/abb_crb15000_support/environment/path.sh
[2.244s] -- Installing: /home/yunhao/ros2_ws_abbgofar/install/abb_crb15000_support/share/abb_crb15000_support/environment/path.dsv
[2.244s] -- Installing: /home/yunhao/ros2_ws_abbgofar/install/abb_crb15000_support/share/abb_crb15000_support/local_setup.bash
[2.244s] -- Installing: /home/yunhao/ros2_ws_abbgofar/install/abb_crb15000_support/share/abb_crb15000_support/local_setup.sh
[2.244s] -- Installing: /home/yunhao/ros2_ws_abbgofar/install/abb_crb15000_support/share/abb_crb15000_support/local_setup.zsh
[2.244s] -- Installing: /home/yunhao/ros2_ws_abbgofar/install/abb_crb15000_support/share/abb_crb15000_support/local_setup.dsv
[2.245s] -- Installing: /home/yunhao/ros2_ws_abbgofar/install/abb_crb15000_support/share/abb_crb15000_support/package.dsv
[2.245s] -- Installing: /home/yunhao/ros2_ws_abbgofar/install/abb_crb15000_support/share/ament_index/resource_index/packages/abb_crb15000_support
[2.246s] -- Installing: /home/yunhao/ros2_ws_abbgofar/install/abb_crb15000_support/share/abb_crb15000_support/cmake/abb_crb15000_supportConfig.cmake
[2.246s] -- Installing: /home/yunhao/ros2_ws_abbgofar/install/abb_crb15000_support/share/abb_crb15000_support/cmake/abb_crb15000_supportConfig-version.cmake
[2.246s] -- Installing: /home/yunhao/ros2_ws_abbgofar/install/abb_crb15000_support/share/abb_crb15000_support/package.xml
[2.249s] Invoked command in '/home/yunhao/ros2_ws_abbgofar/build/abb_crb15000_support' returned '0': CMAKE_PREFIX_PATH=${CMAKE_PREFIX_PATH}:/opt/ros/jazzy DEBUGINFOD_URLS=https://debuginfod.ubuntu.com /usr/bin/cmake --install /home/yunhao/ros2_ws_abbgofar/build/abb_crb15000_support
