[0.104s] DEBUG:colcon:Command line arguments: ['/usr/bin/colcon', 'build', '--packages-select', 'abb_crb15000_py_demo']
[0.105s] DEBUG:colcon:Parsed command line arguments: Namespace(log_base=None, log_level=None, verb_name='build', build_base='build', install_base='install', merge_install=False, symlink_install=False, test_result_base=None, continue_on_error=False, executor='parallel', parallel_workers=32, event_handlers=None, ignore_user_meta=False, metas=['./colcon.meta'], base_paths=['.'], packages_ignore=None, packages_ignore_regex=None, paths=None, packages_up_to=None, packages_up_to_regex=None, packages_above=None, packages_above_and_dependencies=None, packages_above_depth=None, packages_select_by_dep=None, packages_skip_by_dep=None, packages_skip_up_to=None, packages_select_build_failed=False, packages_skip_build_finished=False, packages_select_test_failures=False, packages_skip_test_passed=False, packages_select=['abb_crb15000_py_demo'], packages_skip=None, packages_select_regex=None, packages_skip_regex=None, packages_start=None, packages_end=None, cmake_args=None, cmake_target=None, cmake_target_skip_unavailable=False, cmake_clean_cache=False, cmake_clean_first=False, cmake_force_configure=False, ament_cmake_args=None, catkin_cmake_args=None, catkin_skip_building_tests=False, verb_parser=<colcon_defaults.argument_parser.defaults.DefaultArgumentsDecorator object at 0x7ddd119e5e20>, verb_extension=<colcon_core.verb.build.BuildVerb object at 0x7ddd119e5a60>, main=<bound method BuildVerb.main of <colcon_core.verb.build.BuildVerb object at 0x7ddd119e5a60>>)
[0.136s] Level 1:colcon.colcon_core.package_discovery:discover_packages(colcon_meta) check parameters
[0.136s] Level 1:colcon.colcon_core.package_discovery:discover_packages(recursive) check parameters
[0.136s] Level 1:colcon.colcon_core.package_discovery:discover_packages(ignore) check parameters
[0.136s] Level 1:colcon.colcon_core.package_discovery:discover_packages(path) check parameters
[0.136s] Level 1:colcon.colcon_core.package_discovery:discover_packages(colcon_meta) discover
[0.136s] Level 1:colcon.colcon_core.package_discovery:discover_packages(recursive) discover
[0.136s] INFO:colcon.colcon_core.package_discovery:Crawling recursively for packages in '/home/yunhao/ros2_ws_abbgofar'
[0.136s] Level 1:colcon.colcon_core.package_identification:_identify(.) by extensions ['ignore', 'ignore_ament_install']
[0.136s] Level 1:colcon.colcon_core.package_identification:_identify(.) by extension 'ignore'
[0.136s] Level 1:colcon.colcon_core.package_identification:_identify(.) by extension 'ignore_ament_install'
[0.136s] Level 1:colcon.colcon_core.package_identification:_identify(.) by extensions ['colcon_pkg']
[0.136s] Level 1:colcon.colcon_core.package_identification:_identify(.) by extension 'colcon_pkg'
[0.136s] Level 1:colcon.colcon_core.package_identification:_identify(.) by extensions ['colcon_meta']
[0.136s] Level 1:colcon.colcon_core.package_identification:_identify(.) by extension 'colcon_meta'
[0.137s] Level 1:colcon.colcon_core.package_identification:_identify(.) by extensions ['ros']
[0.137s] Level 1:colcon.colcon_core.package_identification:_identify(.) by extension 'ros'
[0.156s] Level 1:colcon.colcon_core.package_identification:_identify(.) by extensions ['cmake', 'python']
[0.156s] Level 1:colcon.colcon_core.package_identification:_identify(.) by extension 'cmake'
[0.156s] Level 1:colcon.colcon_core.package_identification:_identify(.) by extension 'python'
[0.156s] Level 1:colcon.colcon_core.package_identification:_identify(.) by extensions ['python_setup_py']
[0.156s] Level 1:colcon.colcon_core.package_identification:_identify(.) by extension 'python_setup_py'
[0.157s] Level 1:colcon.colcon_core.package_identification:_identify(build) by extensions ['ignore', 'ignore_ament_install']
[0.157s] Level 1:colcon.colcon_core.package_identification:_identify(build) by extension 'ignore'
[0.157s] Level 1:colcon.colcon_core.package_identification:_identify(build) ignored
[0.157s] Level 1:colcon.colcon_core.package_identification:_identify(install) by extensions ['ignore', 'ignore_ament_install']
[0.157s] Level 1:colcon.colcon_core.package_identification:_identify(install) by extension 'ignore'
[0.157s] Level 1:colcon.colcon_core.package_identification:_identify(install) ignored
[0.157s] Level 1:colcon.colcon_core.package_identification:_identify(log) by extensions ['ignore', 'ignore_ament_install']
[0.157s] Level 1:colcon.colcon_core.package_identification:_identify(log) by extension 'ignore'
[0.157s] Level 1:colcon.colcon_core.package_identification:_identify(log) ignored
[0.157s] Level 1:colcon.colcon_core.package_identification:_identify(src) by extensions ['ignore', 'ignore_ament_install']
[0.157s] Level 1:colcon.colcon_core.package_identification:_identify(src) by extension 'ignore'
[0.157s] Level 1:colcon.colcon_core.package_identification:_identify(src) by extension 'ignore_ament_install'
[0.157s] Level 1:colcon.colcon_core.package_identification:_identify(src) by extensions ['colcon_pkg']
[0.157s] Level 1:colcon.colcon_core.package_identification:_identify(src) by extension 'colcon_pkg'
[0.157s] Level 1:colcon.colcon_core.package_identification:_identify(src) by extensions ['colcon_meta']
[0.157s] Level 1:colcon.colcon_core.package_identification:_identify(src) by extension 'colcon_meta'
[0.157s] Level 1:colcon.colcon_core.package_identification:_identify(src) by extensions ['ros']
[0.157s] Level 1:colcon.colcon_core.package_identification:_identify(src) by extension 'ros'
[0.157s] Level 1:colcon.colcon_core.package_identification:_identify(src) by extensions ['cmake', 'python']
[0.157s] Level 1:colcon.colcon_core.package_identification:_identify(src) by extension 'cmake'
[0.157s] Level 1:colcon.colcon_core.package_identification:_identify(src) by extension 'python'
[0.157s] Level 1:colcon.colcon_core.package_identification:_identify(src) by extensions ['python_setup_py']
[0.157s] Level 1:colcon.colcon_core.package_identification:_identify(src) by extension 'python_setup_py'
[0.158s] Level 1:colcon.colcon_core.package_identification:_identify(src/abb_crb15000_12_127_moveit_config) by extensions ['ignore', 'ignore_ament_install']
[0.158s] Level 1:colcon.colcon_core.package_identification:_identify(src/abb_crb15000_12_127_moveit_config) by extension 'ignore'
[0.158s] Level 1:colcon.colcon_core.package_identification:_identify(src/abb_crb15000_12_127_moveit_config) by extension 'ignore_ament_install'
[0.158s] Level 1:colcon.colcon_core.package_identification:_identify(src/abb_crb15000_12_127_moveit_config) by extensions ['colcon_pkg']
[0.158s] Level 1:colcon.colcon_core.package_identification:_identify(src/abb_crb15000_12_127_moveit_config) by extension 'colcon_pkg'
[0.158s] Level 1:colcon.colcon_core.package_identification:_identify(src/abb_crb15000_12_127_moveit_config) by extensions ['colcon_meta']
[0.158s] Level 1:colcon.colcon_core.package_identification:_identify(src/abb_crb15000_12_127_moveit_config) by extension 'colcon_meta'
[0.158s] Level 1:colcon.colcon_core.package_identification:_identify(src/abb_crb15000_12_127_moveit_config) by extensions ['ros']
[0.158s] Level 1:colcon.colcon_core.package_identification:_identify(src/abb_crb15000_12_127_moveit_config) by extension 'ros'
[0.159s] DEBUG:colcon.colcon_core.package_identification:Package 'src/abb_crb15000_12_127_moveit_config' with type 'ros.ament_cmake' and name 'abb_crb15000_12_127_moveit_config'
[0.160s] Level 1:colcon.colcon_core.package_identification:_identify(src/abb_crb15000_py_demo) by extensions ['ignore', 'ignore_ament_install']
[0.160s] Level 1:colcon.colcon_core.package_identification:_identify(src/abb_crb15000_py_demo) by extension 'ignore'
[0.160s] Level 1:colcon.colcon_core.package_identification:_identify(src/abb_crb15000_py_demo) by extension 'ignore_ament_install'
[0.160s] Level 1:colcon.colcon_core.package_identification:_identify(src/abb_crb15000_py_demo) by extensions ['colcon_pkg']
[0.160s] Level 1:colcon.colcon_core.package_identification:_identify(src/abb_crb15000_py_demo) by extension 'colcon_pkg'
[0.160s] Level 1:colcon.colcon_core.package_identification:_identify(src/abb_crb15000_py_demo) by extensions ['colcon_meta']
[0.160s] Level 1:colcon.colcon_core.package_identification:_identify(src/abb_crb15000_py_demo) by extension 'colcon_meta'
[0.160s] Level 1:colcon.colcon_core.package_identification:_identify(src/abb_crb15000_py_demo) by extensions ['ros']
[0.160s] Level 1:colcon.colcon_core.package_identification:_identify(src/abb_crb15000_py_demo) by extension 'ros'
[0.160s] DEBUG:colcon.colcon_core.package_identification:Package 'src/abb_crb15000_py_demo' with type 'ros.ament_python' and name 'abb_crb15000_py_demo'
[0.160s] Level 1:colcon.colcon_core.package_identification:_identify(src/abb_crb15000_support) by extensions ['ignore', 'ignore_ament_install']
[0.160s] Level 1:colcon.colcon_core.package_identification:_identify(src/abb_crb15000_support) by extension 'ignore'
[0.160s] Level 1:colcon.colcon_core.package_identification:_identify(src/abb_crb15000_support) by extension 'ignore_ament_install'
[0.160s] Level 1:colcon.colcon_core.package_identification:_identify(src/abb_crb15000_support) by extensions ['colcon_pkg']
[0.160s] Level 1:colcon.colcon_core.package_identification:_identify(src/abb_crb15000_support) by extension 'colcon_pkg'
[0.160s] Level 1:colcon.colcon_core.package_identification:_identify(src/abb_crb15000_support) by extensions ['colcon_meta']
[0.160s] Level 1:colcon.colcon_core.package_identification:_identify(src/abb_crb15000_support) by extension 'colcon_meta'
[0.160s] Level 1:colcon.colcon_core.package_identification:_identify(src/abb_crb15000_support) by extensions ['ros']
[0.160s] Level 1:colcon.colcon_core.package_identification:_identify(src/abb_crb15000_support) by extension 'ros'
[0.161s] DEBUG:colcon.colcon_core.package_identification:Package 'src/abb_crb15000_support' with type 'ros.ament_cmake' and name 'abb_crb15000_support'
[0.161s] Level 1:colcon.colcon_core.package_identification:_identify(src/abb_resources) by extensions ['ignore', 'ignore_ament_install']
[0.161s] Level 1:colcon.colcon_core.package_identification:_identify(src/abb_resources) by extension 'ignore'
[0.161s] Level 1:colcon.colcon_core.package_identification:_identify(src/abb_resources) by extension 'ignore_ament_install'
[0.161s] Level 1:colcon.colcon_core.package_identification:_identify(src/abb_resources) by extensions ['colcon_pkg']
[0.161s] Level 1:colcon.colcon_core.package_identification:_identify(src/abb_resources) by extension 'colcon_pkg'
[0.161s] Level 1:colcon.colcon_core.package_identification:_identify(src/abb_resources) by extensions ['colcon_meta']
[0.161s] Level 1:colcon.colcon_core.package_identification:_identify(src/abb_resources) by extension 'colcon_meta'
[0.161s] Level 1:colcon.colcon_core.package_identification:_identify(src/abb_resources) by extensions ['ros']
[0.161s] Level 1:colcon.colcon_core.package_identification:_identify(src/abb_resources) by extension 'ros'
[0.161s] DEBUG:colcon.colcon_core.package_identification:Package 'src/abb_resources' with type 'ros.ament_cmake' and name 'abb_resources'
[0.161s] Level 1:colcon.colcon_core.package_discovery:discover_packages(recursive) using defaults
[0.161s] Level 1:colcon.colcon_core.package_discovery:discover_packages(ignore) discover
[0.161s] Level 1:colcon.colcon_core.package_discovery:discover_packages(ignore) using defaults
[0.161s] Level 1:colcon.colcon_core.package_discovery:discover_packages(path) discover
[0.161s] Level 1:colcon.colcon_core.package_discovery:discover_packages(path) using defaults
[0.175s] INFO:colcon.colcon_core.package_selection:Skipping not selected package 'abb_resources' in 'src/abb_resources'
[0.176s] INFO:colcon.colcon_core.package_selection:Skipping not selected package 'abb_crb15000_support' in 'src/abb_crb15000_support'
[0.176s] INFO:colcon.colcon_core.package_selection:Skipping not selected package 'abb_crb15000_12_127_moveit_config' in 'src/abb_crb15000_12_127_moveit_config'
[0.176s] Level 5:colcon.colcon_core.verb:set package 'abb_crb15000_py_demo' build argument 'cmake_args' from command line to 'None'
[0.176s] Level 5:colcon.colcon_core.verb:set package 'abb_crb15000_py_demo' build argument 'cmake_target' from command line to 'None'
[0.176s] Level 5:colcon.colcon_core.verb:set package 'abb_crb15000_py_demo' build argument 'cmake_target_skip_unavailable' from command line to 'False'
[0.176s] Level 5:colcon.colcon_core.verb:set package 'abb_crb15000_py_demo' build argument 'cmake_clean_cache' from command line to 'False'
[0.176s] Level 5:colcon.colcon_core.verb:set package 'abb_crb15000_py_demo' build argument 'cmake_clean_first' from command line to 'False'
[0.176s] Level 5:colcon.colcon_core.verb:set package 'abb_crb15000_py_demo' build argument 'cmake_force_configure' from command line to 'False'
[0.176s] Level 5:colcon.colcon_core.verb:set package 'abb_crb15000_py_demo' build argument 'ament_cmake_args' from command line to 'None'
[0.176s] Level 5:colcon.colcon_core.verb:set package 'abb_crb15000_py_demo' build argument 'catkin_cmake_args' from command line to 'None'
[0.176s] Level 5:colcon.colcon_core.verb:set package 'abb_crb15000_py_demo' build argument 'catkin_skip_building_tests' from command line to 'False'
[0.176s] DEBUG:colcon.colcon_core.verb:Building package 'abb_crb15000_py_demo' with the following arguments: {'ament_cmake_args': None, 'build_base': '/home/yunhao/ros2_ws_abbgofar/build/abb_crb15000_py_demo', 'catkin_cmake_args': None, 'catkin_skip_building_tests': False, 'cmake_args': None, 'cmake_clean_cache': False, 'cmake_clean_first': False, 'cmake_force_configure': False, 'cmake_target': None, 'cmake_target_skip_unavailable': False, 'install_base': '/home/yunhao/ros2_ws_abbgofar/install/abb_crb15000_py_demo', 'merge_install': False, 'path': '/home/yunhao/ros2_ws_abbgofar/src/abb_crb15000_py_demo', 'symlink_install': False, 'test_result_base': None}
[0.176s] INFO:colcon.colcon_core.executor:Executing jobs using 'parallel' executor
[0.177s] DEBUG:colcon.colcon_parallel_executor.executor.parallel:run_until_complete
[0.177s] INFO:colcon.colcon_ros.task.ament_python.build:Building ROS package in '/home/yunhao/ros2_ws_abbgofar/src/abb_crb15000_py_demo' with build type 'ament_python'
[0.177s] Level 1:colcon.colcon_core.shell:create_environment_hook('abb_crb15000_py_demo', 'ament_prefix_path')
[0.179s] INFO:colcon.colcon_core.plugin_system:Skipping extension 'colcon_core.shell.bat': Not used on non-Windows systems
[0.179s] INFO:colcon.colcon_core.shell:Creating environment descriptor '/home/yunhao/ros2_ws_abbgofar/install/abb_crb15000_py_demo/share/abb_crb15000_py_demo/hook/ament_prefix_path.dsv'
[0.181s] INFO:colcon.colcon_core.shell:Creating environment hook '/home/yunhao/ros2_ws_abbgofar/install/abb_crb15000_py_demo/share/abb_crb15000_py_demo/hook/ament_prefix_path.sh'
[0.182s] DEBUG:colcon.colcon_core.shell:Skip shell extension 'dsv' for command environment
[0.333s] INFO:colcon.colcon_core.task.python.build:Building Python package in '/home/yunhao/ros2_ws_abbgofar/src/abb_crb15000_py_demo'
[0.333s] DEBUG:colcon.colcon_core.shell:Skip shell extension 'dsv' for command environment
[0.976s] DEBUG:colcon.colcon_core.event_handler.log_command:Invoking command in '/home/yunhao/ros2_ws_abbgofar/src/abb_crb15000_py_demo': DEBUGINFOD_URLS=https://debuginfod.ubuntu.com PYTHONPATH=/home/yunhao/ros2_ws_abbgofar/build/abb_crb15000_py_demo/prefix_override:/usr/lib/python3/dist-packages/colcon_core/task/python/colcon_distutils_commands:/home/yunhao/ros2_ws_abbgofar/install/abb_crb15000_py_demo/lib/python3.12/site-packages:${PYTHONPATH} /usr/bin/python3 -W ignore:setup.py install is deprecated -W ignore:easy_install command is deprecated setup.py egg_info --egg-base ../../build/abb_crb15000_py_demo build --build-base /home/yunhao/ros2_ws_abbgofar/build/abb_crb15000_py_demo/build install --record /home/yunhao/ros2_ws_abbgofar/build/abb_crb15000_py_demo/install.log --single-version-externally-managed install_data
[1.285s] DEBUG:colcon.colcon_core.event_handler.log_command:Invoked command in '/home/yunhao/ros2_ws_abbgofar/src/abb_crb15000_py_demo' returned '0': DEBUGINFOD_URLS=https://debuginfod.ubuntu.com PYTHONPATH=/home/yunhao/ros2_ws_abbgofar/build/abb_crb15000_py_demo/prefix_override:/usr/lib/python3/dist-packages/colcon_core/task/python/colcon_distutils_commands:/home/yunhao/ros2_ws_abbgofar/install/abb_crb15000_py_demo/lib/python3.12/site-packages:${PYTHONPATH} /usr/bin/python3 -W ignore:setup.py install is deprecated -W ignore:easy_install command is deprecated setup.py egg_info --egg-base ../../build/abb_crb15000_py_demo build --build-base /home/yunhao/ros2_ws_abbgofar/build/abb_crb15000_py_demo/build install --record /home/yunhao/ros2_ws_abbgofar/build/abb_crb15000_py_demo/install.log --single-version-externally-managed install_data
[1.287s] Level 1:colcon.colcon_core.environment:checking '/home/yunhao/ros2_ws_abbgofar/install/abb_crb15000_py_demo' for CMake module files
[1.287s] Level 1:colcon.colcon_core.environment:checking '/home/yunhao/ros2_ws_abbgofar/install/abb_crb15000_py_demo' for CMake config files
[1.287s] Level 1:colcon.colcon_core.environment:checking '/home/yunhao/ros2_ws_abbgofar/install/abb_crb15000_py_demo/lib'
[1.288s] Level 1:colcon.colcon_core.environment:checking '/home/yunhao/ros2_ws_abbgofar/install/abb_crb15000_py_demo/bin'
[1.288s] Level 1:colcon.colcon_core.environment:checking '/home/yunhao/ros2_ws_abbgofar/install/abb_crb15000_py_demo/lib/pkgconfig/abb_crb15000_py_demo.pc'
[1.288s] Level 1:colcon.colcon_core.environment:checking '/home/yunhao/ros2_ws_abbgofar/install/abb_crb15000_py_demo/lib/python3.12/site-packages'
[1.288s] Level 1:colcon.colcon_core.shell:create_environment_hook('abb_crb15000_py_demo', 'pythonpath')
[1.288s] INFO:colcon.colcon_core.shell:Creating environment descriptor '/home/yunhao/ros2_ws_abbgofar/install/abb_crb15000_py_demo/share/abb_crb15000_py_demo/hook/pythonpath.dsv'
[1.288s] INFO:colcon.colcon_core.shell:Creating environment hook '/home/yunhao/ros2_ws_abbgofar/install/abb_crb15000_py_demo/share/abb_crb15000_py_demo/hook/pythonpath.sh'
[1.289s] Level 1:colcon.colcon_core.environment:checking '/home/yunhao/ros2_ws_abbgofar/install/abb_crb15000_py_demo/bin'
[1.289s] Level 1:colcon.colcon_core.environment:create_environment_scripts_only(abb_crb15000_py_demo)
[1.289s] INFO:colcon.colcon_core.shell:Creating package descriptor '/home/yunhao/ros2_ws_abbgofar/install/abb_crb15000_py_demo/share/abb_crb15000_py_demo/package.dsv'
[1.289s] INFO:colcon.colcon_core.shell:Creating package script '/home/yunhao/ros2_ws_abbgofar/install/abb_crb15000_py_demo/share/abb_crb15000_py_demo/package.sh'
[1.290s] INFO:colcon.colcon_core.shell:Creating package script '/home/yunhao/ros2_ws_abbgofar/install/abb_crb15000_py_demo/share/abb_crb15000_py_demo/package.bash'
[1.290s] INFO:colcon.colcon_core.shell:Creating package script '/home/yunhao/ros2_ws_abbgofar/install/abb_crb15000_py_demo/share/abb_crb15000_py_demo/package.zsh'
[1.291s] Level 1:colcon.colcon_core.environment:create_file_with_runtime_dependencies(/home/yunhao/ros2_ws_abbgofar/install/abb_crb15000_py_demo/share/colcon-core/packages/abb_crb15000_py_demo)
[1.292s] DEBUG:colcon.colcon_parallel_executor.executor.parallel:closing loop
[1.292s] DEBUG:colcon.colcon_parallel_executor.executor.parallel:loop closed
[1.292s] DEBUG:colcon.colcon_parallel_executor.executor.parallel:run_until_complete finished with '0'
[1.292s] DEBUG:colcon.colcon_core.event_reactor:joining thread
[1.328s] INFO:colcon.colcon_core.plugin_system:Skipping extension 'colcon_notification.desktop_notification.notify_send': Could not find 'notify-send'
[1.328s] INFO:colcon.colcon_core.plugin_system:Skipping extension 'colcon_notification.desktop_notification.terminal_notifier': Not used on non-Darwin systems
[1.329s] INFO:colcon.colcon_core.plugin_system:Skipping extension 'colcon_notification.desktop_notification.win32': Not used on non-Windows systems
[1.329s] INFO:colcon.colcon_notification.desktop_notification:Sending desktop notification using 'notify2'
[1.329s] DEBUG:colcon.colcon_notification.desktop_notification.notify2:Failed to initialize notify2: org.freedesktop.DBus.Error.AccessDenied: Failed to connect to socket /run/user/1000/bus: Operation not permitted
[1.329s] DEBUG:colcon.colcon_core.event_reactor:joined thread
[1.329s] INFO:colcon.colcon_core.shell:Creating prefix script '/home/yunhao/ros2_ws_abbgofar/install/local_setup.sh'
[1.330s] INFO:colcon.colcon_core.shell:Creating prefix util module '/home/yunhao/ros2_ws_abbgofar/install/_local_setup_util_sh.py'
[1.330s] INFO:colcon.colcon_core.shell:Creating prefix chain script '/home/yunhao/ros2_ws_abbgofar/install/setup.sh'
[1.331s] INFO:colcon.colcon_core.shell:Creating prefix script '/home/yunhao/ros2_ws_abbgofar/install/local_setup.bash'
[1.331s] INFO:colcon.colcon_core.shell:Creating prefix chain script '/home/yunhao/ros2_ws_abbgofar/install/setup.bash'
[1.332s] INFO:colcon.colcon_core.shell:Creating prefix script '/home/yunhao/ros2_ws_abbgofar/install/local_setup.zsh'
[1.332s] INFO:colcon.colcon_core.shell:Creating prefix chain script '/home/yunhao/ros2_ws_abbgofar/install/setup.zsh'
