[0.155s] DEBUG:colcon:Command line arguments: ['/usr/bin/colcon', 'build', '--packages-select', 'abb_resources', 'abb_crb15000_support']
[0.155s] DEBUG:colcon:Parsed command line arguments: Namespace(log_base=None, log_level=None, verb_name='build', build_base='build', install_base='install', merge_install=False, symlink_install=False, test_result_base=None, continue_on_error=False, executor='parallel', parallel_workers=32, event_handlers=None, ignore_user_meta=False, metas=['./colcon.meta'], base_paths=['.'], packages_ignore=None, packages_ignore_regex=None, paths=None, packages_up_to=None, packages_up_to_regex=None, packages_above=None, packages_above_and_dependencies=None, packages_above_depth=None, packages_select_by_dep=None, packages_skip_by_dep=None, packages_skip_up_to=None, packages_select_build_failed=False, packages_skip_build_finished=False, packages_select_test_failures=False, packages_skip_test_passed=False, packages_select=['abb_resources', 'abb_crb15000_support'], packages_skip=None, packages_select_regex=None, packages_skip_regex=None, packages_start=None, packages_end=None, cmake_args=None, cmake_target=None, cmake_target_skip_unavailable=False, cmake_clean_cache=False, cmake_clean_first=False, cmake_force_configure=False, ament_cmake_args=None, catkin_cmake_args=None, catkin_skip_building_tests=False, verb_parser=<colcon_defaults.argument_parser.defaults.DefaultArgumentsDecorator object at 0x7ca324cfdeb0>, verb_extension=<colcon_core.verb.build.BuildVerb object at 0x7ca324cfdcd0>, main=<bound method BuildVerb.main of <colcon_core.verb.build.BuildVerb object at 0x7ca324cfdcd0>>)
[0.211s] Level 1:colcon.colcon_core.package_discovery:discover_packages(colcon_meta) check parameters
[0.211s] Level 1:colcon.colcon_core.package_discovery:discover_packages(recursive) check parameters
[0.211s] Level 1:colcon.colcon_core.package_discovery:discover_packages(ignore) check parameters
[0.211s] Level 1:colcon.colcon_core.package_discovery:discover_packages(path) check parameters
[0.211s] Level 1:colcon.colcon_core.package_discovery:discover_packages(colcon_meta) discover
[0.211s] Level 1:colcon.colcon_core.package_discovery:discover_packages(recursive) discover
[0.211s] INFO:colcon.colcon_core.package_discovery:Crawling recursively for packages in '/home/yunhao/ros2_ws_abbgofar'
[0.211s] Level 1:colcon.colcon_core.package_identification:_identify(.) by extensions ['ignore', 'ignore_ament_install']
[0.211s] Level 1:colcon.colcon_core.package_identification:_identify(.) by extension 'ignore'
[0.211s] Level 1:colcon.colcon_core.package_identification:_identify(.) by extension 'ignore_ament_install'
[0.211s] Level 1:colcon.colcon_core.package_identification:_identify(.) by extensions ['colcon_pkg']
[0.211s] Level 1:colcon.colcon_core.package_identification:_identify(.) by extension 'colcon_pkg'
[0.211s] Level 1:colcon.colcon_core.package_identification:_identify(.) by extensions ['colcon_meta']
[0.211s] Level 1:colcon.colcon_core.package_identification:_identify(.) by extension 'colcon_meta'
[0.211s] Level 1:colcon.colcon_core.package_identification:_identify(.) by extensions ['ros']
[0.211s] Level 1:colcon.colcon_core.package_identification:_identify(.) by extension 'ros'
[0.235s] Level 1:colcon.colcon_core.package_identification:_identify(.) by extensions ['cmake', 'python']
[0.235s] Level 1:colcon.colcon_core.package_identification:_identify(.) by extension 'cmake'
[0.235s] Level 1:colcon.colcon_core.package_identification:_identify(.) by extension 'python'
[0.235s] Level 1:colcon.colcon_core.package_identification:_identify(.) by extensions ['python_setup_py']
[0.235s] Level 1:colcon.colcon_core.package_identification:_identify(.) by extension 'python_setup_py'
[0.236s] Level 1:colcon.colcon_core.package_identification:_identify(build) by extensions ['ignore', 'ignore_ament_install']
[0.236s] Level 1:colcon.colcon_core.package_identification:_identify(build) by extension 'ignore'
[0.236s] Level 1:colcon.colcon_core.package_identification:_identify(build) ignored
[0.236s] Level 1:colcon.colcon_core.package_identification:_identify(install) by extensions ['ignore', 'ignore_ament_install']
[0.236s] Level 1:colcon.colcon_core.package_identification:_identify(install) by extension 'ignore'
[0.236s] Level 1:colcon.colcon_core.package_identification:_identify(install) ignored
[0.236s] Level 1:colcon.colcon_core.package_identification:_identify(log) by extensions ['ignore', 'ignore_ament_install']
[0.236s] Level 1:colcon.colcon_core.package_identification:_identify(log) by extension 'ignore'
[0.236s] Level 1:colcon.colcon_core.package_identification:_identify(log) ignored
[0.236s] Level 1:colcon.colcon_core.package_identification:_identify(src) by extensions ['ignore', 'ignore_ament_install']
[0.236s] Level 1:colcon.colcon_core.package_identification:_identify(src) by extension 'ignore'
[0.236s] Level 1:colcon.colcon_core.package_identification:_identify(src) by extension 'ignore_ament_install'
[0.236s] Level 1:colcon.colcon_core.package_identification:_identify(src) by extensions ['colcon_pkg']
[0.236s] Level 1:colcon.colcon_core.package_identification:_identify(src) by extension 'colcon_pkg'
[0.236s] Level 1:colcon.colcon_core.package_identification:_identify(src) by extensions ['colcon_meta']
[0.236s] Level 1:colcon.colcon_core.package_identification:_identify(src) by extension 'colcon_meta'
[0.236s] Level 1:colcon.colcon_core.package_identification:_identify(src) by extensions ['ros']
[0.236s] Level 1:colcon.colcon_core.package_identification:_identify(src) by extension 'ros'
[0.236s] Level 1:colcon.colcon_core.package_identification:_identify(src) by extensions ['cmake', 'python']
[0.236s] Level 1:colcon.colcon_core.package_identification:_identify(src) by extension 'cmake'
[0.236s] Level 1:colcon.colcon_core.package_identification:_identify(src) by extension 'python'
[0.236s] Level 1:colcon.colcon_core.package_identification:_identify(src) by extensions ['python_setup_py']
[0.236s] Level 1:colcon.colcon_core.package_identification:_identify(src) by extension 'python_setup_py'
[0.237s] Level 1:colcon.colcon_core.package_identification:_identify(src/abb_crb15000_support) by extensions ['ignore', 'ignore_ament_install']
[0.237s] Level 1:colcon.colcon_core.package_identification:_identify(src/abb_crb15000_support) by extension 'ignore'
[0.237s] Level 1:colcon.colcon_core.package_identification:_identify(src/abb_crb15000_support) by extension 'ignore_ament_install'
[0.237s] Level 1:colcon.colcon_core.package_identification:_identify(src/abb_crb15000_support) by extensions ['colcon_pkg']
[0.237s] Level 1:colcon.colcon_core.package_identification:_identify(src/abb_crb15000_support) by extension 'colcon_pkg'
[0.237s] Level 1:colcon.colcon_core.package_identification:_identify(src/abb_crb15000_support) by extensions ['colcon_meta']
[0.237s] Level 1:colcon.colcon_core.package_identification:_identify(src/abb_crb15000_support) by extension 'colcon_meta'
[0.237s] Level 1:colcon.colcon_core.package_identification:_identify(src/abb_crb15000_support) by extensions ['ros']
[0.237s] Level 1:colcon.colcon_core.package_identification:_identify(src/abb_crb15000_support) by extension 'ros'
[0.239s] DEBUG:colcon.colcon_core.package_identification:Package 'src/abb_crb15000_support' with type 'ros.ament_cmake' and name 'abb_crb15000_support'
[0.239s] Level 1:colcon.colcon_core.package_identification:_identify(src/abb_resources) by extensions ['ignore', 'ignore_ament_install']
[0.239s] Level 1:colcon.colcon_core.package_identification:_identify(src/abb_resources) by extension 'ignore'
[0.239s] Level 1:colcon.colcon_core.package_identification:_identify(src/abb_resources) by extension 'ignore_ament_install'
[0.239s] Level 1:colcon.colcon_core.package_identification:_identify(src/abb_resources) by extensions ['colcon_pkg']
[0.239s] Level 1:colcon.colcon_core.package_identification:_identify(src/abb_resources) by extension 'colcon_pkg'
[0.239s] Level 1:colcon.colcon_core.package_identification:_identify(src/abb_resources) by extensions ['colcon_meta']
[0.239s] Level 1:colcon.colcon_core.package_identification:_identify(src/abb_resources) by extension 'colcon_meta'
[0.239s] Level 1:colcon.colcon_core.package_identification:_identify(src/abb_resources) by extensions ['ros']
[0.239s] Level 1:colcon.colcon_core.package_identification:_identify(src/abb_resources) by extension 'ros'
[0.239s] DEBUG:colcon.colcon_core.package_identification:Package 'src/abb_resources' with type 'ros.ament_cmake' and name 'abb_resources'
[0.239s] Level 1:colcon.colcon_core.package_discovery:discover_packages(recursive) using defaults
[0.239s] Level 1:colcon.colcon_core.package_discovery:discover_packages(ignore) discover
[0.240s] Level 1:colcon.colcon_core.package_discovery:discover_packages(ignore) using defaults
[0.240s] Level 1:colcon.colcon_core.package_discovery:discover_packages(path) discover
[0.240s] Level 1:colcon.colcon_core.package_discovery:discover_packages(path) using defaults
[0.262s] Level 5:colcon.colcon_core.verb:set package 'abb_resources' build argument 'cmake_args' from command line to 'None'
[0.262s] Level 5:colcon.colcon_core.verb:set package 'abb_resources' build argument 'cmake_target' from command line to 'None'
[0.262s] Level 5:colcon.colcon_core.verb:set package 'abb_resources' build argument 'cmake_target_skip_unavailable' from command line to 'False'
[0.262s] Level 5:colcon.colcon_core.verb:set package 'abb_resources' build argument 'cmake_clean_cache' from command line to 'False'
[0.262s] Level 5:colcon.colcon_core.verb:set package 'abb_resources' build argument 'cmake_clean_first' from command line to 'False'
[0.262s] Level 5:colcon.colcon_core.verb:set package 'abb_resources' build argument 'cmake_force_configure' from command line to 'False'
[0.262s] Level 5:colcon.colcon_core.verb:set package 'abb_resources' build argument 'ament_cmake_args' from command line to 'None'
[0.262s] Level 5:colcon.colcon_core.verb:set package 'abb_resources' build argument 'catkin_cmake_args' from command line to 'None'
[0.262s] Level 5:colcon.colcon_core.verb:set package 'abb_resources' build argument 'catkin_skip_building_tests' from command line to 'False'
[0.262s] DEBUG:colcon.colcon_core.verb:Building package 'abb_resources' with the following arguments: {'ament_cmake_args': None, 'build_base': '/home/yunhao/ros2_ws_abbgofar/build/abb_resources', 'catkin_cmake_args': None, 'catkin_skip_building_tests': False, 'cmake_args': None, 'cmake_clean_cache': False, 'cmake_clean_first': False, 'cmake_force_configure': False, 'cmake_target': None, 'cmake_target_skip_unavailable': False, 'install_base': '/home/yunhao/ros2_ws_abbgofar/install/abb_resources', 'merge_install': False, 'path': '/home/yunhao/ros2_ws_abbgofar/src/abb_resources', 'symlink_install': False, 'test_result_base': None}
[0.262s] Level 5:colcon.colcon_core.verb:set package 'abb_crb15000_support' build argument 'cmake_args' from command line to 'None'
[0.262s] Level 5:colcon.colcon_core.verb:set package 'abb_crb15000_support' build argument 'cmake_target' from command line to 'None'
[0.262s] Level 5:colcon.colcon_core.verb:set package 'abb_crb15000_support' build argument 'cmake_target_skip_unavailable' from command line to 'False'
[0.262s] Level 5:colcon.colcon_core.verb:set package 'abb_crb15000_support' build argument 'cmake_clean_cache' from command line to 'False'
[0.262s] Level 5:colcon.colcon_core.verb:set package 'abb_crb15000_support' build argument 'cmake_clean_first' from command line to 'False'
[0.262s] Level 5:colcon.colcon_core.verb:set package 'abb_crb15000_support' build argument 'cmake_force_configure' from command line to 'False'
[0.262s] Level 5:colcon.colcon_core.verb:set package 'abb_crb15000_support' build argument 'ament_cmake_args' from command line to 'None'
[0.262s] Level 5:colcon.colcon_core.verb:set package 'abb_crb15000_support' build argument 'catkin_cmake_args' from command line to 'None'
[0.262s] Level 5:colcon.colcon_core.verb:set package 'abb_crb15000_support' build argument 'catkin_skip_building_tests' from command line to 'False'
[0.262s] DEBUG:colcon.colcon_core.verb:Building package 'abb_crb15000_support' with the following arguments: {'ament_cmake_args': None, 'build_base': '/home/yunhao/ros2_ws_abbgofar/build/abb_crb15000_support', 'catkin_cmake_args': None, 'catkin_skip_building_tests': False, 'cmake_args': None, 'cmake_clean_cache': False, 'cmake_clean_first': False, 'cmake_force_configure': False, 'cmake_target': None, 'cmake_target_skip_unavailable': False, 'install_base': '/home/yunhao/ros2_ws_abbgofar/install/abb_crb15000_support', 'merge_install': False, 'path': '/home/yunhao/ros2_ws_abbgofar/src/abb_crb15000_support', 'symlink_install': False, 'test_result_base': None}
[0.262s] INFO:colcon.colcon_core.executor:Executing jobs using 'parallel' executor
[0.263s] DEBUG:colcon.colcon_parallel_executor.executor.parallel:run_until_complete
[0.263s] INFO:colcon.colcon_ros.task.ament_cmake.build:Building ROS package in '/home/yunhao/ros2_ws_abbgofar/src/abb_resources' with build type 'ament_cmake'
[0.263s] INFO:colcon.colcon_cmake.task.cmake.build:Building CMake package in '/home/yunhao/ros2_ws_abbgofar/src/abb_resources'
[0.268s] INFO:colcon.colcon_core.plugin_system:Skipping extension 'colcon_core.shell.bat': Not used on non-Windows systems
[0.268s] DEBUG:colcon.colcon_core.shell:Skip shell extension 'dsv' for command environment
[0.278s] DEBUG:colcon.colcon_core.event_handler.log_command:Invoking command in '/home/yunhao/ros2_ws_abbgofar/build/abb_resources': CMAKE_PREFIX_PATH=${CMAKE_PREFIX_PATH}:/opt/ros/jazzy DEBUGINFOD_URLS=https://debuginfod.ubuntu.com /usr/bin/cmake --build /home/yunhao/ros2_ws_abbgofar/build/abb_resources -- -j32 -l32
[0.371s] DEBUG:colcon.colcon_core.event_handler.log_command:Invoked command in '/home/yunhao/ros2_ws_abbgofar/build/abb_resources' returned '0': CMAKE_PREFIX_PATH=${CMAKE_PREFIX_PATH}:/opt/ros/jazzy DEBUGINFOD_URLS=https://debuginfod.ubuntu.com /usr/bin/cmake --build /home/yunhao/ros2_ws_abbgofar/build/abb_resources -- -j32 -l32
[0.380s] DEBUG:colcon.colcon_core.event_handler.log_command:Invoking command in '/home/yunhao/ros2_ws_abbgofar/build/abb_resources': CMAKE_PREFIX_PATH=${CMAKE_PREFIX_PATH}:/opt/ros/jazzy DEBUGINFOD_URLS=https://debuginfod.ubuntu.com /usr/bin/cmake --install /home/yunhao/ros2_ws_abbgofar/build/abb_resources
[0.391s] Level 1:colcon.colcon_core.environment:create_environment_scripts_only(abb_resources)
[0.392s] DEBUG:colcon.colcon_core.event_handler.log_command:Invoked command in '/home/yunhao/ros2_ws_abbgofar/build/abb_resources' returned '0': CMAKE_PREFIX_PATH=${CMAKE_PREFIX_PATH}:/opt/ros/jazzy DEBUGINFOD_URLS=https://debuginfod.ubuntu.com /usr/bin/cmake --install /home/yunhao/ros2_ws_abbgofar/build/abb_resources
[0.397s] Level 1:colcon.colcon_core.environment:checking '/home/yunhao/ros2_ws_abbgofar/install/abb_resources' for CMake module files
[0.397s] Level 1:colcon.colcon_core.environment:checking '/home/yunhao/ros2_ws_abbgofar/install/abb_resources' for CMake config files
[0.398s] Level 1:colcon.colcon_core.shell:create_environment_hook('abb_resources', 'cmake_prefix_path')
[0.398s] INFO:colcon.colcon_core.shell:Creating environment descriptor '/home/yunhao/ros2_ws_abbgofar/install/abb_resources/share/abb_resources/hook/cmake_prefix_path.dsv'
[0.398s] INFO:colcon.colcon_core.shell:Creating environment hook '/home/yunhao/ros2_ws_abbgofar/install/abb_resources/share/abb_resources/hook/cmake_prefix_path.sh'
[0.399s] Level 1:colcon.colcon_core.environment:checking '/home/yunhao/ros2_ws_abbgofar/install/abb_resources/bin'
[0.399s] Level 1:colcon.colcon_core.environment:checking '/home/yunhao/ros2_ws_abbgofar/install/abb_resources/lib/pkgconfig/abb_resources.pc'
[0.400s] Level 1:colcon.colcon_core.environment:checking '/home/yunhao/ros2_ws_abbgofar/install/abb_resources/lib/python3.12/site-packages'
[0.401s] Level 1:colcon.colcon_core.environment:checking '/home/yunhao/ros2_ws_abbgofar/install/abb_resources/bin'
[0.401s] INFO:colcon.colcon_core.shell:Creating package descriptor '/home/yunhao/ros2_ws_abbgofar/install/abb_resources/share/abb_resources/package.dsv'
[0.401s] INFO:colcon.colcon_core.shell:Creating package script '/home/yunhao/ros2_ws_abbgofar/install/abb_resources/share/abb_resources/package.sh'
[0.402s] INFO:colcon.colcon_core.shell:Creating package script '/home/yunhao/ros2_ws_abbgofar/install/abb_resources/share/abb_resources/package.bash'
[0.403s] INFO:colcon.colcon_core.shell:Creating package script '/home/yunhao/ros2_ws_abbgofar/install/abb_resources/share/abb_resources/package.zsh'
[0.403s] Level 1:colcon.colcon_core.environment:create_file_with_runtime_dependencies(/home/yunhao/ros2_ws_abbgofar/install/abb_resources/share/colcon-core/packages/abb_resources)
[0.404s] Level 1:colcon.colcon_core.environment:create_environment_scripts_only(abb_resources)
[0.404s] Level 1:colcon.colcon_core.environment:checking '/home/yunhao/ros2_ws_abbgofar/install/abb_resources' for CMake module files
[0.404s] Level 1:colcon.colcon_core.environment:checking '/home/yunhao/ros2_ws_abbgofar/install/abb_resources' for CMake config files
[0.404s] Level 1:colcon.colcon_core.shell:create_environment_hook('abb_resources', 'cmake_prefix_path')
[0.404s] INFO:colcon.colcon_core.shell:Creating environment descriptor '/home/yunhao/ros2_ws_abbgofar/install/abb_resources/share/abb_resources/hook/cmake_prefix_path.dsv'
[0.405s] INFO:colcon.colcon_core.shell:Creating environment hook '/home/yunhao/ros2_ws_abbgofar/install/abb_resources/share/abb_resources/hook/cmake_prefix_path.sh'
[0.405s] Level 1:colcon.colcon_core.environment:checking '/home/yunhao/ros2_ws_abbgofar/install/abb_resources/bin'
[0.405s] Level 1:colcon.colcon_core.environment:checking '/home/yunhao/ros2_ws_abbgofar/install/abb_resources/lib/pkgconfig/abb_resources.pc'
[0.405s] Level 1:colcon.colcon_core.environment:checking '/home/yunhao/ros2_ws_abbgofar/install/abb_resources/lib/python3.12/site-packages'
[0.405s] Level 1:colcon.colcon_core.environment:checking '/home/yunhao/ros2_ws_abbgofar/install/abb_resources/bin'
[0.406s] INFO:colcon.colcon_core.shell:Creating package descriptor '/home/yunhao/ros2_ws_abbgofar/install/abb_resources/share/abb_resources/package.dsv'
[0.406s] INFO:colcon.colcon_core.shell:Creating package script '/home/yunhao/ros2_ws_abbgofar/install/abb_resources/share/abb_resources/package.sh'
[0.406s] INFO:colcon.colcon_core.shell:Creating package script '/home/yunhao/ros2_ws_abbgofar/install/abb_resources/share/abb_resources/package.bash'
[0.406s] INFO:colcon.colcon_core.shell:Creating package script '/home/yunhao/ros2_ws_abbgofar/install/abb_resources/share/abb_resources/package.zsh'
[0.407s] Level 1:colcon.colcon_core.environment:create_file_with_runtime_dependencies(/home/yunhao/ros2_ws_abbgofar/install/abb_resources/share/colcon-core/packages/abb_resources)
[0.407s] INFO:colcon.colcon_ros.task.ament_cmake.build:Building ROS package in '/home/yunhao/ros2_ws_abbgofar/src/abb_crb15000_support' with build type 'ament_cmake'
[0.407s] INFO:colcon.colcon_cmake.task.cmake.build:Building CMake package in '/home/yunhao/ros2_ws_abbgofar/src/abb_crb15000_support'
[0.407s] DEBUG:colcon.colcon_core.shell:Skip shell extension 'dsv' for command environment
[0.447s] DEBUG:colcon.colcon_core.event_handler.log_command:Invoking command in '/home/yunhao/ros2_ws_abbgofar/build/abb_crb15000_support': AMENT_PREFIX_PATH=/home/yunhao/ros2_ws_abbgofar/install/abb_resources:${AMENT_PREFIX_PATH} CMAKE_PREFIX_PATH=/home/yunhao/ros2_ws_abbgofar/install/abb_resources:/opt/ros/jazzy/opt/sdformat_vendor:/opt/ros/jazzy/opt/gz_tools_vendor:/opt/ros/jazzy/opt/gz_math_vendor:/opt/ros/jazzy/opt/gz_utils_vendor:/opt/ros/jazzy/opt/gz_cmake_vendor:/opt/ros/jazzy DEBUGINFOD_URLS=https://debuginfod.ubuntu.com /usr/bin/cmake --build /home/yunhao/ros2_ws_abbgofar/build/abb_crb15000_support -- -j32 -l32
[0.772s] DEBUG:colcon.colcon_core.event_handler.log_command:Invoked command in '/home/yunhao/ros2_ws_abbgofar/build/abb_crb15000_support' returned '0': AMENT_PREFIX_PATH=/home/yunhao/ros2_ws_abbgofar/install/abb_resources:${AMENT_PREFIX_PATH} CMAKE_PREFIX_PATH=/home/yunhao/ros2_ws_abbgofar/install/abb_resources:/opt/ros/jazzy/opt/sdformat_vendor:/opt/ros/jazzy/opt/gz_tools_vendor:/opt/ros/jazzy/opt/gz_math_vendor:/opt/ros/jazzy/opt/gz_utils_vendor:/opt/ros/jazzy/opt/gz_cmake_vendor:/opt/ros/jazzy DEBUGINFOD_URLS=https://debuginfod.ubuntu.com /usr/bin/cmake --build /home/yunhao/ros2_ws_abbgofar/build/abb_crb15000_support -- -j32 -l32
[0.773s] DEBUG:colcon.colcon_core.event_handler.log_command:Invoking command in '/home/yunhao/ros2_ws_abbgofar/build/abb_crb15000_support': AMENT_PREFIX_PATH=/home/yunhao/ros2_ws_abbgofar/install/abb_resources:${AMENT_PREFIX_PATH} CMAKE_PREFIX_PATH=/home/yunhao/ros2_ws_abbgofar/install/abb_resources:/opt/ros/jazzy/opt/sdformat_vendor:/opt/ros/jazzy/opt/gz_tools_vendor:/opt/ros/jazzy/opt/gz_math_vendor:/opt/ros/jazzy/opt/gz_utils_vendor:/opt/ros/jazzy/opt/gz_cmake_vendor:/opt/ros/jazzy DEBUGINFOD_URLS=https://debuginfod.ubuntu.com /usr/bin/cmake --install /home/yunhao/ros2_ws_abbgofar/build/abb_crb15000_support
[0.784s] Level 1:colcon.colcon_core.environment:create_environment_scripts_only(abb_crb15000_support)
[0.784s] Level 1:colcon.colcon_core.environment:checking '/home/yunhao/ros2_ws_abbgofar/install/abb_crb15000_support' for CMake module files
[0.785s] DEBUG:colcon.colcon_core.event_handler.log_command:Invoked command in '/home/yunhao/ros2_ws_abbgofar/build/abb_crb15000_support' returned '0': AMENT_PREFIX_PATH=/home/yunhao/ros2_ws_abbgofar/install/abb_resources:${AMENT_PREFIX_PATH} CMAKE_PREFIX_PATH=/home/yunhao/ros2_ws_abbgofar/install/abb_resources:/opt/ros/jazzy/opt/sdformat_vendor:/opt/ros/jazzy/opt/gz_tools_vendor:/opt/ros/jazzy/opt/gz_math_vendor:/opt/ros/jazzy/opt/gz_utils_vendor:/opt/ros/jazzy/opt/gz_cmake_vendor:/opt/ros/jazzy DEBUGINFOD_URLS=https://debuginfod.ubuntu.com /usr/bin/cmake --install /home/yunhao/ros2_ws_abbgofar/build/abb_crb15000_support
[0.785s] Level 1:colcon.colcon_core.environment:checking '/home/yunhao/ros2_ws_abbgofar/install/abb_crb15000_support' for CMake config files
[0.785s] Level 1:colcon.colcon_core.shell:create_environment_hook('abb_crb15000_support', 'cmake_prefix_path')
[0.786s] INFO:colcon.colcon_core.shell:Creating environment descriptor '/home/yunhao/ros2_ws_abbgofar/install/abb_crb15000_support/share/abb_crb15000_support/hook/cmake_prefix_path.dsv'
[0.786s] INFO:colcon.colcon_core.shell:Creating environment hook '/home/yunhao/ros2_ws_abbgofar/install/abb_crb15000_support/share/abb_crb15000_support/hook/cmake_prefix_path.sh'
[0.786s] Level 1:colcon.colcon_core.environment:checking '/home/yunhao/ros2_ws_abbgofar/install/abb_crb15000_support/bin'
[0.786s] Level 1:colcon.colcon_core.environment:checking '/home/yunhao/ros2_ws_abbgofar/install/abb_crb15000_support/lib/pkgconfig/abb_crb15000_support.pc'
[0.786s] Level 1:colcon.colcon_core.environment:checking '/home/yunhao/ros2_ws_abbgofar/install/abb_crb15000_support/lib/python3.12/site-packages'
[0.787s] Level 1:colcon.colcon_core.environment:checking '/home/yunhao/ros2_ws_abbgofar/install/abb_crb15000_support/bin'
[0.787s] INFO:colcon.colcon_core.shell:Creating package descriptor '/home/yunhao/ros2_ws_abbgofar/install/abb_crb15000_support/share/abb_crb15000_support/package.dsv'
[0.787s] INFO:colcon.colcon_core.shell:Creating package script '/home/yunhao/ros2_ws_abbgofar/install/abb_crb15000_support/share/abb_crb15000_support/package.sh'
[0.787s] INFO:colcon.colcon_core.shell:Creating package script '/home/yunhao/ros2_ws_abbgofar/install/abb_crb15000_support/share/abb_crb15000_support/package.bash'
[0.788s] INFO:colcon.colcon_core.shell:Creating package script '/home/yunhao/ros2_ws_abbgofar/install/abb_crb15000_support/share/abb_crb15000_support/package.zsh'
[0.788s] Level 1:colcon.colcon_core.environment:create_file_with_runtime_dependencies(/home/yunhao/ros2_ws_abbgofar/install/abb_crb15000_support/share/colcon-core/packages/abb_crb15000_support)
[0.788s] Level 1:colcon.colcon_core.environment:create_environment_scripts_only(abb_crb15000_support)
[0.788s] Level 1:colcon.colcon_core.environment:checking '/home/yunhao/ros2_ws_abbgofar/install/abb_crb15000_support' for CMake module files
[0.789s] Level 1:colcon.colcon_core.environment:checking '/home/yunhao/ros2_ws_abbgofar/install/abb_crb15000_support' for CMake config files
[0.789s] Level 1:colcon.colcon_core.shell:create_environment_hook('abb_crb15000_support', 'cmake_prefix_path')
[0.789s] INFO:colcon.colcon_core.shell:Creating environment descriptor '/home/yunhao/ros2_ws_abbgofar/install/abb_crb15000_support/share/abb_crb15000_support/hook/cmake_prefix_path.dsv'
[0.789s] INFO:colcon.colcon_core.shell:Creating environment hook '/home/yunhao/ros2_ws_abbgofar/install/abb_crb15000_support/share/abb_crb15000_support/hook/cmake_prefix_path.sh'
[0.789s] Level 1:colcon.colcon_core.environment:checking '/home/yunhao/ros2_ws_abbgofar/install/abb_crb15000_support/bin'
[0.790s] Level 1:colcon.colcon_core.environment:checking '/home/yunhao/ros2_ws_abbgofar/install/abb_crb15000_support/lib/pkgconfig/abb_crb15000_support.pc'
[0.790s] Level 1:colcon.colcon_core.environment:checking '/home/yunhao/ros2_ws_abbgofar/install/abb_crb15000_support/lib/python3.12/site-packages'
[0.790s] Level 1:colcon.colcon_core.environment:checking '/home/yunhao/ros2_ws_abbgofar/install/abb_crb15000_support/bin'
[0.790s] INFO:colcon.colcon_core.shell:Creating package descriptor '/home/yunhao/ros2_ws_abbgofar/install/abb_crb15000_support/share/abb_crb15000_support/package.dsv'
[0.790s] INFO:colcon.colcon_core.shell:Creating package script '/home/yunhao/ros2_ws_abbgofar/install/abb_crb15000_support/share/abb_crb15000_support/package.sh'
[0.791s] INFO:colcon.colcon_core.shell:Creating package script '/home/yunhao/ros2_ws_abbgofar/install/abb_crb15000_support/share/abb_crb15000_support/package.bash'
[0.791s] INFO:colcon.colcon_core.shell:Creating package script '/home/yunhao/ros2_ws_abbgofar/install/abb_crb15000_support/share/abb_crb15000_support/package.zsh'
[0.791s] Level 1:colcon.colcon_core.environment:create_file_with_runtime_dependencies(/home/yunhao/ros2_ws_abbgofar/install/abb_crb15000_support/share/colcon-core/packages/abb_crb15000_support)
[0.791s] DEBUG:colcon.colcon_parallel_executor.executor.parallel:closing loop
[0.792s] DEBUG:colcon.colcon_parallel_executor.executor.parallel:loop closed
[0.792s] DEBUG:colcon.colcon_parallel_executor.executor.parallel:run_until_complete finished with '0'
[0.792s] DEBUG:colcon.colcon_core.event_reactor:joining thread
[0.833s] INFO:colcon.colcon_core.plugin_system:Skipping extension 'colcon_notification.desktop_notification.notify_send': Could not find 'notify-send'
[0.833s] INFO:colcon.colcon_core.plugin_system:Skipping extension 'colcon_notification.desktop_notification.terminal_notifier': Not used on non-Darwin systems
[0.833s] INFO:colcon.colcon_core.plugin_system:Skipping extension 'colcon_notification.desktop_notification.win32': Not used on non-Windows systems
[0.833s] INFO:colcon.colcon_notification.desktop_notification:Sending desktop notification using 'notify2'
[0.833s] DEBUG:colcon.colcon_notification.desktop_notification.notify2:Failed to initialize notify2: org.freedesktop.DBus.Error.AccessDenied: Failed to connect to socket /run/user/1000/bus: Operation not permitted
[0.833s] DEBUG:colcon.colcon_core.event_reactor:joined thread
[0.834s] INFO:colcon.colcon_core.shell:Creating prefix script '/home/yunhao/ros2_ws_abbgofar/install/local_setup.sh'
[0.835s] INFO:colcon.colcon_core.shell:Creating prefix util module '/home/yunhao/ros2_ws_abbgofar/install/_local_setup_util_sh.py'
[0.836s] INFO:colcon.colcon_core.shell:Creating prefix chain script '/home/yunhao/ros2_ws_abbgofar/install/setup.sh'
[0.837s] INFO:colcon.colcon_core.shell:Creating prefix script '/home/yunhao/ros2_ws_abbgofar/install/local_setup.bash'
[0.838s] INFO:colcon.colcon_core.shell:Creating prefix chain script '/home/yunhao/ros2_ws_abbgofar/install/setup.bash'
[0.838s] INFO:colcon.colcon_core.shell:Creating prefix script '/home/yunhao/ros2_ws_abbgofar/install/local_setup.zsh'
[0.839s] INFO:colcon.colcon_core.shell:Creating prefix chain script '/home/yunhao/ros2_ws_abbgofar/install/setup.zsh'
